[2025-12-02T00:50:44.643+0000] {processor.py:161} INFO - Started process (PID=66) to work on /opt/airflow/dags/airflow.py
[2025-12-02T00:50:44.649+0000] {processor.py:830} INFO - Processing file /opt/airflow/dags/airflow.py for tasks to queue
[2025-12-02T00:50:44.657+0000] {logging_mixin.py:188} INFO - [2025-12-02T00:50:44.654+0000] {dagbag.py:545} INFO - Filling up the DagBag from /opt/airflow/dags/airflow.py
[2025-12-02T00:50:44.710+0000] {logging_mixin.py:188} INFO - [2025-12-02T00:50:44.707+0000] {dagbag.py:355} ERROR - Failed to import: /opt/airflow/dags/airflow.py
Traceback (most recent call last):
  File "/home/airflow/.local/lib/python3.12/site-packages/airflow/models/dagbag.py", line 351, in parse
    loader.exec_module(new_module)
  File "<frozen importlib._bootstrap_external>", line 991, in exec_module
  File "<frozen importlib._bootstrap_external>", line 1129, in get_code
  File "<frozen importlib._bootstrap_external>", line 1059, in source_to_code
  File "<frozen importlib._bootstrap>", line 488, in _call_with_frames_removed
  File "/opt/airflow/dags/airflow.py", line 7
    'owner': ‘Nishchay Linge Gowda’,
             ^
SyntaxError: invalid character '‘' (U+2018)
[2025-12-02T00:50:44.732+0000] {processor.py:842} WARNING - No viable dags retrieved from /opt/airflow/dags/airflow.py
[2025-12-02T00:50:44.806+0000] {processor.py:183} INFO - Processing /opt/airflow/dags/airflow.py took 0.172 seconds
[2025-12-02T00:51:15.433+0000] {processor.py:161} INFO - Started process (PID=73) to work on /opt/airflow/dags/airflow.py
[2025-12-02T00:51:15.434+0000] {processor.py:830} INFO - Processing file /opt/airflow/dags/airflow.py for tasks to queue
[2025-12-02T00:51:15.436+0000] {logging_mixin.py:188} INFO - [2025-12-02T00:51:15.436+0000] {dagbag.py:545} INFO - Filling up the DagBag from /opt/airflow/dags/airflow.py
[2025-12-02T00:51:15.440+0000] {logging_mixin.py:188} INFO - [2025-12-02T00:51:15.439+0000] {dagbag.py:355} ERROR - Failed to import: /opt/airflow/dags/airflow.py
Traceback (most recent call last):
  File "/home/airflow/.local/lib/python3.12/site-packages/airflow/models/dagbag.py", line 351, in parse
    loader.exec_module(new_module)
  File "<frozen importlib._bootstrap_external>", line 991, in exec_module
  File "<frozen importlib._bootstrap_external>", line 1129, in get_code
  File "<frozen importlib._bootstrap_external>", line 1059, in source_to_code
  File "<frozen importlib._bootstrap>", line 488, in _call_with_frames_removed
  File "/opt/airflow/dags/airflow.py", line 7
    'owner': ‘Nishchay Linge Gowda’,
             ^
SyntaxError: invalid character '‘' (U+2018)
[2025-12-02T00:51:15.440+0000] {processor.py:842} WARNING - No viable dags retrieved from /opt/airflow/dags/airflow.py
[2025-12-02T00:51:15.461+0000] {processor.py:183} INFO - Processing /opt/airflow/dags/airflow.py took 0.035 seconds
[2025-12-02T00:51:46.062+0000] {processor.py:161} INFO - Started process (PID=80) to work on /opt/airflow/dags/airflow.py
[2025-12-02T00:51:46.063+0000] {processor.py:830} INFO - Processing file /opt/airflow/dags/airflow.py for tasks to queue
[2025-12-02T00:51:46.067+0000] {logging_mixin.py:188} INFO - [2025-12-02T00:51:46.066+0000] {dagbag.py:545} INFO - Filling up the DagBag from /opt/airflow/dags/airflow.py
[2025-12-02T00:51:46.072+0000] {logging_mixin.py:188} INFO - [2025-12-02T00:51:46.071+0000] {dagbag.py:355} ERROR - Failed to import: /opt/airflow/dags/airflow.py
Traceback (most recent call last):
  File "/home/airflow/.local/lib/python3.12/site-packages/airflow/models/dagbag.py", line 351, in parse
    loader.exec_module(new_module)
  File "<frozen importlib._bootstrap_external>", line 991, in exec_module
  File "<frozen importlib._bootstrap_external>", line 1129, in get_code
  File "<frozen importlib._bootstrap_external>", line 1059, in source_to_code
  File "<frozen importlib._bootstrap>", line 488, in _call_with_frames_removed
  File "/opt/airflow/dags/airflow.py", line 7
    'owner': ‘Nishchay Linge Gowda’,
             ^
SyntaxError: invalid character '‘' (U+2018)
[2025-12-02T00:51:46.073+0000] {processor.py:842} WARNING - No viable dags retrieved from /opt/airflow/dags/airflow.py
[2025-12-02T00:51:46.101+0000] {processor.py:183} INFO - Processing /opt/airflow/dags/airflow.py took 0.051 seconds
[2025-12-02T00:52:17.113+0000] {processor.py:161} INFO - Started process (PID=87) to work on /opt/airflow/dags/airflow.py
[2025-12-02T00:52:17.120+0000] {processor.py:830} INFO - Processing file /opt/airflow/dags/airflow.py for tasks to queue
[2025-12-02T00:52:17.137+0000] {logging_mixin.py:188} INFO - [2025-12-02T00:52:17.135+0000] {dagbag.py:545} INFO - Filling up the DagBag from /opt/airflow/dags/airflow.py
[2025-12-02T00:52:17.162+0000] {logging_mixin.py:188} INFO - [2025-12-02T00:52:17.154+0000] {dagbag.py:355} ERROR - Failed to import: /opt/airflow/dags/airflow.py
Traceback (most recent call last):
  File "/home/airflow/.local/lib/python3.12/site-packages/airflow/models/dagbag.py", line 351, in parse
    loader.exec_module(new_module)
  File "<frozen importlib._bootstrap_external>", line 991, in exec_module
  File "<frozen importlib._bootstrap_external>", line 1129, in get_code
  File "<frozen importlib._bootstrap_external>", line 1059, in source_to_code
  File "<frozen importlib._bootstrap>", line 488, in _call_with_frames_removed
  File "/opt/airflow/dags/airflow.py", line 7
    'owner': ‘Nishchay Linge Gowda’,
             ^
SyntaxError: invalid character '‘' (U+2018)
[2025-12-02T00:52:17.166+0000] {processor.py:842} WARNING - No viable dags retrieved from /opt/airflow/dags/airflow.py
[2025-12-02T00:52:17.279+0000] {processor.py:183} INFO - Processing /opt/airflow/dags/airflow.py took 0.203 seconds
[2025-12-02T00:52:47.680+0000] {processor.py:161} INFO - Started process (PID=94) to work on /opt/airflow/dags/airflow.py
[2025-12-02T00:52:47.681+0000] {processor.py:830} INFO - Processing file /opt/airflow/dags/airflow.py for tasks to queue
[2025-12-02T00:52:47.683+0000] {logging_mixin.py:188} INFO - [2025-12-02T00:52:47.682+0000] {dagbag.py:545} INFO - Filling up the DagBag from /opt/airflow/dags/airflow.py
[2025-12-02T00:52:47.686+0000] {logging_mixin.py:188} INFO - [2025-12-02T00:52:47.685+0000] {dagbag.py:355} ERROR - Failed to import: /opt/airflow/dags/airflow.py
Traceback (most recent call last):
  File "/home/airflow/.local/lib/python3.12/site-packages/airflow/models/dagbag.py", line 351, in parse
    loader.exec_module(new_module)
  File "<frozen importlib._bootstrap_external>", line 991, in exec_module
  File "<frozen importlib._bootstrap_external>", line 1129, in get_code
  File "<frozen importlib._bootstrap_external>", line 1059, in source_to_code
  File "<frozen importlib._bootstrap>", line 488, in _call_with_frames_removed
  File "/opt/airflow/dags/airflow.py", line 7
    'owner': ‘Nishchay Linge Gowda’,
             ^
SyntaxError: invalid character '‘' (U+2018)
[2025-12-02T00:52:47.687+0000] {processor.py:842} WARNING - No viable dags retrieved from /opt/airflow/dags/airflow.py
[2025-12-02T00:52:47.705+0000] {processor.py:183} INFO - Processing /opt/airflow/dags/airflow.py took 0.030 seconds
[2025-12-02T00:53:57.102+0000] {processor.py:161} INFO - Started process (PID=107) to work on /opt/airflow/dags/airflow.py
[2025-12-02T00:53:57.105+0000] {processor.py:830} INFO - Processing file /opt/airflow/dags/airflow.py for tasks to queue
[2025-12-02T00:53:57.119+0000] {logging_mixin.py:188} INFO - [2025-12-02T00:53:57.118+0000] {dagbag.py:545} INFO - Filling up the DagBag from /opt/airflow/dags/airflow.py
[2025-12-02T00:53:57.382+0000] {logging_mixin.py:188} INFO - [2025-12-02T00:53:57.372+0000] {dagbag.py:355} ERROR - Failed to import: /opt/airflow/dags/airflow.py
Traceback (most recent call last):
  File "/home/airflow/.local/lib/python3.12/site-packages/airflow/models/dagbag.py", line 351, in parse
    loader.exec_module(new_module)
  File "<frozen importlib._bootstrap_external>", line 991, in exec_module
  File "<frozen importlib._bootstrap_external>", line 1129, in get_code
  File "<frozen importlib._bootstrap_external>", line 1059, in source_to_code
  File "<frozen importlib._bootstrap>", line 488, in _call_with_frames_removed
  File "/opt/airflow/dags/airflow.py", line 7
    'owner': ‘Nishchay Linge Gowda’,
             ^
SyntaxError: invalid character '‘' (U+2018)
[2025-12-02T00:53:57.384+0000] {processor.py:842} WARNING - No viable dags retrieved from /opt/airflow/dags/airflow.py
[2025-12-02T00:53:57.667+0000] {processor.py:183} INFO - Processing /opt/airflow/dags/airflow.py took 0.742 seconds
[2025-12-02T00:53:59.422+0000] {processor.py:161} INFO - Started process (PID=108) to work on /opt/airflow/dags/airflow.py
[2025-12-02T00:53:59.428+0000] {processor.py:830} INFO - Processing file /opt/airflow/dags/airflow.py for tasks to queue
[2025-12-02T00:53:59.432+0000] {logging_mixin.py:188} INFO - [2025-12-02T00:53:59.431+0000] {dagbag.py:545} INFO - Filling up the DagBag from /opt/airflow/dags/airflow.py
[2025-12-02T00:53:59.474+0000] {logging_mixin.py:188} INFO - [2025-12-02T00:53:59.469+0000] {dagbag.py:355} ERROR - Failed to import: /opt/airflow/dags/airflow.py
Traceback (most recent call last):
  File "/home/airflow/.local/lib/python3.12/site-packages/airflow/models/dagbag.py", line 351, in parse
    loader.exec_module(new_module)
  File "<frozen importlib._bootstrap_external>", line 995, in exec_module
  File "<frozen importlib._bootstrap>", line 488, in _call_with_frames_removed
  File "/opt/airflow/dags/airflow.py", line 2, in <module>
    from airflow.providers.standard.operators.python import PythonOperator
ModuleNotFoundError: No module named 'airflow.providers.standard'
[2025-12-02T00:53:59.476+0000] {processor.py:842} WARNING - No viable dags retrieved from /opt/airflow/dags/airflow.py
[2025-12-02T00:53:59.546+0000] {processor.py:183} INFO - Processing /opt/airflow/dags/airflow.py took 0.307 seconds
[2025-12-02T00:54:01.402+0000] {processor.py:161} INFO - Started process (PID=109) to work on /opt/airflow/dags/airflow.py
[2025-12-02T00:54:01.421+0000] {processor.py:830} INFO - Processing file /opt/airflow/dags/airflow.py for tasks to queue
[2025-12-02T00:54:01.426+0000] {logging_mixin.py:188} INFO - [2025-12-02T00:54:01.425+0000] {dagbag.py:545} INFO - Filling up the DagBag from /opt/airflow/dags/airflow.py
[2025-12-02T00:54:01.448+0000] {logging_mixin.py:188} INFO - [2025-12-02T00:54:01.445+0000] {dagbag.py:355} ERROR - Failed to import: /opt/airflow/dags/airflow.py
Traceback (most recent call last):
  File "/home/airflow/.local/lib/python3.12/site-packages/airflow/models/dagbag.py", line 351, in parse
    loader.exec_module(new_module)
  File "<frozen importlib._bootstrap_external>", line 995, in exec_module
  File "<frozen importlib._bootstrap>", line 488, in _call_with_frames_removed
  File "/opt/airflow/dags/airflow.py", line 2, in <module>
    from airflow.providers.standard.operators.python import PythonOperator
ModuleNotFoundError: No module named 'airflow.providers.standard'
[2025-12-02T00:54:01.449+0000] {processor.py:842} WARNING - No viable dags retrieved from /opt/airflow/dags/airflow.py
[2025-12-02T00:54:01.509+0000] {processor.py:183} INFO - Processing /opt/airflow/dags/airflow.py took 0.146 seconds
[2025-12-02T00:54:34.419+0000] {processor.py:161} INFO - Started process (PID=110) to work on /opt/airflow/dags/airflow.py
[2025-12-02T00:54:34.442+0000] {processor.py:830} INFO - Processing file /opt/airflow/dags/airflow.py for tasks to queue
[2025-12-02T00:54:34.529+0000] {logging_mixin.py:188} INFO - [2025-12-02T00:54:34.528+0000] {dagbag.py:545} INFO - Filling up the DagBag from /opt/airflow/dags/airflow.py
[2025-12-02T00:54:34.565+0000] {logging_mixin.py:188} INFO - [2025-12-02T00:54:34.558+0000] {dagbag.py:355} ERROR - Failed to import: /opt/airflow/dags/airflow.py
Traceback (most recent call last):
  File "/home/airflow/.local/lib/python3.12/site-packages/airflow/models/dagbag.py", line 351, in parse
    loader.exec_module(new_module)
  File "<frozen importlib._bootstrap_external>", line 995, in exec_module
  File "<frozen importlib._bootstrap>", line 488, in _call_with_frames_removed
  File "/opt/airflow/dags/airflow.py", line 2, in <module>
    from airflow.providers.standard.operators.python import PythonOperator
ModuleNotFoundError: No module named 'airflow.providers.standard'
[2025-12-02T00:54:34.570+0000] {processor.py:842} WARNING - No viable dags retrieved from /opt/airflow/dags/airflow.py
[2025-12-02T00:54:34.905+0000] {processor.py:183} INFO - Processing /opt/airflow/dags/airflow.py took 0.853 seconds
[2025-12-02T00:55:05.055+0000] {processor.py:161} INFO - Started process (PID=117) to work on /opt/airflow/dags/airflow.py
[2025-12-02T00:55:05.056+0000] {processor.py:830} INFO - Processing file /opt/airflow/dags/airflow.py for tasks to queue
[2025-12-02T00:55:05.059+0000] {logging_mixin.py:188} INFO - [2025-12-02T00:55:05.059+0000] {dagbag.py:545} INFO - Filling up the DagBag from /opt/airflow/dags/airflow.py
[2025-12-02T00:55:05.066+0000] {logging_mixin.py:188} INFO - [2025-12-02T00:55:05.065+0000] {dagbag.py:355} ERROR - Failed to import: /opt/airflow/dags/airflow.py
Traceback (most recent call last):
  File "/home/airflow/.local/lib/python3.12/site-packages/airflow/models/dagbag.py", line 351, in parse
    loader.exec_module(new_module)
  File "<frozen importlib._bootstrap_external>", line 995, in exec_module
  File "<frozen importlib._bootstrap>", line 488, in _call_with_frames_removed
  File "/opt/airflow/dags/airflow.py", line 2, in <module>
    from airflow.providers.standard.operators.python import PythonOperator
ModuleNotFoundError: No module named 'airflow.providers.standard'
[2025-12-02T00:55:05.067+0000] {processor.py:842} WARNING - No viable dags retrieved from /opt/airflow/dags/airflow.py
[2025-12-02T00:55:05.086+0000] {processor.py:183} INFO - Processing /opt/airflow/dags/airflow.py took 0.042 seconds
[2025-12-02T00:55:35.329+0000] {processor.py:161} INFO - Started process (PID=130) to work on /opt/airflow/dags/airflow.py
[2025-12-02T00:55:35.330+0000] {processor.py:830} INFO - Processing file /opt/airflow/dags/airflow.py for tasks to queue
[2025-12-02T00:55:35.347+0000] {logging_mixin.py:188} INFO - [2025-12-02T00:55:35.345+0000] {dagbag.py:545} INFO - Filling up the DagBag from /opt/airflow/dags/airflow.py
[2025-12-02T00:55:35.352+0000] {logging_mixin.py:188} INFO - [2025-12-02T00:55:35.350+0000] {dagbag.py:355} ERROR - Failed to import: /opt/airflow/dags/airflow.py
Traceback (most recent call last):
  File "/home/airflow/.local/lib/python3.12/site-packages/airflow/models/dagbag.py", line 351, in parse
    loader.exec_module(new_module)
  File "<frozen importlib._bootstrap_external>", line 995, in exec_module
  File "<frozen importlib._bootstrap>", line 488, in _call_with_frames_removed
  File "/opt/airflow/dags/airflow.py", line 2, in <module>
    from airflow.providers.standard.operators.python import PythonOperator
ModuleNotFoundError: No module named 'airflow.providers.standard'
[2025-12-02T00:55:35.352+0000] {processor.py:842} WARNING - No viable dags retrieved from /opt/airflow/dags/airflow.py
[2025-12-02T00:55:35.369+0000] {processor.py:183} INFO - Processing /opt/airflow/dags/airflow.py took 0.048 seconds
[2025-12-02T00:56:05.645+0000] {processor.py:161} INFO - Started process (PID=137) to work on /opt/airflow/dags/airflow.py
[2025-12-02T00:56:05.645+0000] {processor.py:830} INFO - Processing file /opt/airflow/dags/airflow.py for tasks to queue
[2025-12-02T00:56:05.647+0000] {logging_mixin.py:188} INFO - [2025-12-02T00:56:05.647+0000] {dagbag.py:545} INFO - Filling up the DagBag from /opt/airflow/dags/airflow.py
[2025-12-02T00:56:05.652+0000] {logging_mixin.py:188} INFO - [2025-12-02T00:56:05.651+0000] {dagbag.py:355} ERROR - Failed to import: /opt/airflow/dags/airflow.py
Traceback (most recent call last):
  File "/home/airflow/.local/lib/python3.12/site-packages/airflow/models/dagbag.py", line 351, in parse
    loader.exec_module(new_module)
  File "<frozen importlib._bootstrap_external>", line 995, in exec_module
  File "<frozen importlib._bootstrap>", line 488, in _call_with_frames_removed
  File "/opt/airflow/dags/airflow.py", line 2, in <module>
    from airflow.providers.standard.operators.python import PythonOperator
ModuleNotFoundError: No module named 'airflow.providers.standard'
[2025-12-02T00:56:05.653+0000] {processor.py:842} WARNING - No viable dags retrieved from /opt/airflow/dags/airflow.py
[2025-12-02T00:56:05.668+0000] {processor.py:183} INFO - Processing /opt/airflow/dags/airflow.py took 0.029 seconds
[2025-12-02T00:57:18.636+0000] {processor.py:161} INFO - Started process (PID=43) to work on /opt/airflow/dags/airflow.py
[2025-12-02T00:57:18.639+0000] {processor.py:830} INFO - Processing file /opt/airflow/dags/airflow.py for tasks to queue
[2025-12-02T00:57:18.645+0000] {logging_mixin.py:188} INFO - [2025-12-02T00:57:18.644+0000] {dagbag.py:545} INFO - Filling up the DagBag from /opt/airflow/dags/airflow.py
[2025-12-02T00:57:18.648+0000] {logging_mixin.py:188} INFO - [2025-12-02T00:57:18.646+0000] {dagbag.py:355} ERROR - Failed to import: /opt/airflow/dags/airflow.py
Traceback (most recent call last):
  File "/home/airflow/.local/lib/python3.12/site-packages/airflow/models/dagbag.py", line 351, in parse
    loader.exec_module(new_module)
  File "<frozen importlib._bootstrap_external>", line 995, in exec_module
  File "<frozen importlib._bootstrap>", line 488, in _call_with_frames_removed
  File "/opt/airflow/dags/airflow.py", line 2, in <module>
    from airflow.providers.standard.operators.python import PythonOperator
ModuleNotFoundError: No module named 'airflow.providers.standard'
[2025-12-02T00:57:18.650+0000] {processor.py:842} WARNING - No viable dags retrieved from /opt/airflow/dags/airflow.py
[2025-12-02T00:57:18.676+0000] {processor.py:183} INFO - Processing /opt/airflow/dags/airflow.py took 0.044 seconds
[2025-12-02T00:57:48.885+0000] {processor.py:161} INFO - Started process (PID=50) to work on /opt/airflow/dags/airflow.py
[2025-12-02T00:57:48.886+0000] {processor.py:830} INFO - Processing file /opt/airflow/dags/airflow.py for tasks to queue
[2025-12-02T00:57:48.890+0000] {logging_mixin.py:188} INFO - [2025-12-02T00:57:48.890+0000] {dagbag.py:545} INFO - Filling up the DagBag from /opt/airflow/dags/airflow.py
[2025-12-02T00:57:48.893+0000] {logging_mixin.py:188} INFO - [2025-12-02T00:57:48.892+0000] {dagbag.py:355} ERROR - Failed to import: /opt/airflow/dags/airflow.py
Traceback (most recent call last):
  File "/home/airflow/.local/lib/python3.12/site-packages/airflow/models/dagbag.py", line 351, in parse
    loader.exec_module(new_module)
  File "<frozen importlib._bootstrap_external>", line 995, in exec_module
  File "<frozen importlib._bootstrap>", line 488, in _call_with_frames_removed
  File "/opt/airflow/dags/airflow.py", line 2, in <module>
    from airflow.providers.standard.operators.python import PythonOperator
ModuleNotFoundError: No module named 'airflow.providers.standard'
[2025-12-02T00:57:48.893+0000] {processor.py:842} WARNING - No viable dags retrieved from /opt/airflow/dags/airflow.py
[2025-12-02T00:57:48.906+0000] {processor.py:183} INFO - Processing /opt/airflow/dags/airflow.py took 0.033 seconds
[2025-12-02T00:58:19.258+0000] {processor.py:161} INFO - Started process (PID=57) to work on /opt/airflow/dags/airflow.py
[2025-12-02T00:58:19.259+0000] {processor.py:830} INFO - Processing file /opt/airflow/dags/airflow.py for tasks to queue
[2025-12-02T00:58:19.261+0000] {logging_mixin.py:188} INFO - [2025-12-02T00:58:19.261+0000] {dagbag.py:545} INFO - Filling up the DagBag from /opt/airflow/dags/airflow.py
[2025-12-02T00:58:19.264+0000] {logging_mixin.py:188} INFO - [2025-12-02T00:58:19.263+0000] {dagbag.py:355} ERROR - Failed to import: /opt/airflow/dags/airflow.py
Traceback (most recent call last):
  File "/home/airflow/.local/lib/python3.12/site-packages/airflow/models/dagbag.py", line 351, in parse
    loader.exec_module(new_module)
  File "<frozen importlib._bootstrap_external>", line 995, in exec_module
  File "<frozen importlib._bootstrap>", line 488, in _call_with_frames_removed
  File "/opt/airflow/dags/airflow.py", line 2, in <module>
    from airflow.providers.standard.operators.python import PythonOperator
ModuleNotFoundError: No module named 'airflow.providers.standard'
[2025-12-02T00:58:19.264+0000] {processor.py:842} WARNING - No viable dags retrieved from /opt/airflow/dags/airflow.py
[2025-12-02T00:58:19.274+0000] {processor.py:183} INFO - Processing /opt/airflow/dags/airflow.py took 0.024 seconds
[2025-12-02T00:58:49.570+0000] {processor.py:161} INFO - Started process (PID=64) to work on /opt/airflow/dags/airflow.py
[2025-12-02T00:58:49.571+0000] {processor.py:830} INFO - Processing file /opt/airflow/dags/airflow.py for tasks to queue
[2025-12-02T00:58:49.579+0000] {logging_mixin.py:188} INFO - [2025-12-02T00:58:49.579+0000] {dagbag.py:545} INFO - Filling up the DagBag from /opt/airflow/dags/airflow.py
[2025-12-02T00:58:49.582+0000] {logging_mixin.py:188} INFO - [2025-12-02T00:58:49.581+0000] {dagbag.py:355} ERROR - Failed to import: /opt/airflow/dags/airflow.py
Traceback (most recent call last):
  File "/home/airflow/.local/lib/python3.12/site-packages/airflow/models/dagbag.py", line 351, in parse
    loader.exec_module(new_module)
  File "<frozen importlib._bootstrap_external>", line 995, in exec_module
  File "<frozen importlib._bootstrap>", line 488, in _call_with_frames_removed
  File "/opt/airflow/dags/airflow.py", line 2, in <module>
    from airflow.providers.standard.operators.python import PythonOperator
ModuleNotFoundError: No module named 'airflow.providers.standard'
[2025-12-02T00:58:49.582+0000] {processor.py:842} WARNING - No viable dags retrieved from /opt/airflow/dags/airflow.py
[2025-12-02T00:58:49.592+0000] {processor.py:183} INFO - Processing /opt/airflow/dags/airflow.py took 0.029 seconds
[2025-12-02T00:59:19.900+0000] {processor.py:161} INFO - Started process (PID=71) to work on /opt/airflow/dags/airflow.py
[2025-12-02T00:59:19.901+0000] {processor.py:830} INFO - Processing file /opt/airflow/dags/airflow.py for tasks to queue
[2025-12-02T00:59:19.903+0000] {logging_mixin.py:188} INFO - [2025-12-02T00:59:19.903+0000] {dagbag.py:545} INFO - Filling up the DagBag from /opt/airflow/dags/airflow.py
[2025-12-02T00:59:19.906+0000] {logging_mixin.py:188} INFO - [2025-12-02T00:59:19.905+0000] {dagbag.py:355} ERROR - Failed to import: /opt/airflow/dags/airflow.py
Traceback (most recent call last):
  File "/home/airflow/.local/lib/python3.12/site-packages/airflow/models/dagbag.py", line 351, in parse
    loader.exec_module(new_module)
  File "<frozen importlib._bootstrap_external>", line 995, in exec_module
  File "<frozen importlib._bootstrap>", line 488, in _call_with_frames_removed
  File "/opt/airflow/dags/airflow.py", line 2, in <module>
    from airflow.providers.standard.operators.python import PythonOperator
ModuleNotFoundError: No module named 'airflow.providers.standard'
[2025-12-02T00:59:19.906+0000] {processor.py:842} WARNING - No viable dags retrieved from /opt/airflow/dags/airflow.py
[2025-12-02T00:59:19.921+0000] {processor.py:183} INFO - Processing /opt/airflow/dags/airflow.py took 0.026 seconds
[2025-12-02T00:59:50.557+0000] {processor.py:161} INFO - Started process (PID=78) to work on /opt/airflow/dags/airflow.py
[2025-12-02T00:59:50.557+0000] {processor.py:830} INFO - Processing file /opt/airflow/dags/airflow.py for tasks to queue
[2025-12-02T00:59:50.560+0000] {logging_mixin.py:188} INFO - [2025-12-02T00:59:50.559+0000] {dagbag.py:545} INFO - Filling up the DagBag from /opt/airflow/dags/airflow.py
[2025-12-02T00:59:50.564+0000] {logging_mixin.py:188} INFO - [2025-12-02T00:59:50.564+0000] {dagbag.py:355} ERROR - Failed to import: /opt/airflow/dags/airflow.py
Traceback (most recent call last):
  File "/home/airflow/.local/lib/python3.12/site-packages/airflow/models/dagbag.py", line 351, in parse
    loader.exec_module(new_module)
  File "<frozen importlib._bootstrap_external>", line 995, in exec_module
  File "<frozen importlib._bootstrap>", line 488, in _call_with_frames_removed
  File "/opt/airflow/dags/airflow.py", line 2, in <module>
    from airflow.providers.standard.operators.python import PythonOperator
ModuleNotFoundError: No module named 'airflow.providers.standard'
[2025-12-02T00:59:50.565+0000] {processor.py:842} WARNING - No viable dags retrieved from /opt/airflow/dags/airflow.py
[2025-12-02T00:59:50.584+0000] {processor.py:183} INFO - Processing /opt/airflow/dags/airflow.py took 0.032 seconds
[2025-12-02T01:00:20.872+0000] {processor.py:161} INFO - Started process (PID=85) to work on /opt/airflow/dags/airflow.py
[2025-12-02T01:00:20.873+0000] {processor.py:830} INFO - Processing file /opt/airflow/dags/airflow.py for tasks to queue
[2025-12-02T01:00:20.876+0000] {logging_mixin.py:188} INFO - [2025-12-02T01:00:20.876+0000] {dagbag.py:545} INFO - Filling up the DagBag from /opt/airflow/dags/airflow.py
[2025-12-02T01:00:20.881+0000] {logging_mixin.py:188} INFO - [2025-12-02T01:00:20.880+0000] {dagbag.py:355} ERROR - Failed to import: /opt/airflow/dags/airflow.py
Traceback (most recent call last):
  File "/home/airflow/.local/lib/python3.12/site-packages/airflow/models/dagbag.py", line 351, in parse
    loader.exec_module(new_module)
  File "<frozen importlib._bootstrap_external>", line 995, in exec_module
  File "<frozen importlib._bootstrap>", line 488, in _call_with_frames_removed
  File "/opt/airflow/dags/airflow.py", line 2, in <module>
    from airflow.providers.standard.operators.python import PythonOperator
ModuleNotFoundError: No module named 'airflow.providers.standard'
[2025-12-02T01:00:20.881+0000] {processor.py:842} WARNING - No viable dags retrieved from /opt/airflow/dags/airflow.py
[2025-12-02T01:00:20.898+0000] {processor.py:183} INFO - Processing /opt/airflow/dags/airflow.py took 0.031 seconds
[2025-12-02T01:00:51.298+0000] {processor.py:161} INFO - Started process (PID=92) to work on /opt/airflow/dags/airflow.py
[2025-12-02T01:00:51.299+0000] {processor.py:830} INFO - Processing file /opt/airflow/dags/airflow.py for tasks to queue
[2025-12-02T01:00:51.301+0000] {logging_mixin.py:188} INFO - [2025-12-02T01:00:51.301+0000] {dagbag.py:545} INFO - Filling up the DagBag from /opt/airflow/dags/airflow.py
[2025-12-02T01:00:52.372+0000] {logging_mixin.py:188} INFO - [2025-12-02T01:00:52.371+0000] {dagbag.py:355} ERROR - Failed to import: /opt/airflow/dags/airflow.py
Traceback (most recent call last):
  File "/home/airflow/.local/lib/python3.12/site-packages/airflow/models/dagbag.py", line 351, in parse
    loader.exec_module(new_module)
  File "<frozen importlib._bootstrap_external>", line 995, in exec_module
  File "<frozen importlib._bootstrap>", line 488, in _call_with_frames_removed
  File "/opt/airflow/dags/airflow.py", line 4, in <module>
    from src.lab import load_data, data_preprocessing, build_save_model, load_model_elbow
  File "/opt/airflow/dags/src/lab.py", line 2, in <module>
    from sklearn.preprocessing import MinMaxScaler
ModuleNotFoundError: No module named 'sklearn'
[2025-12-02T01:00:52.372+0000] {processor.py:842} WARNING - No viable dags retrieved from /opt/airflow/dags/airflow.py
[2025-12-02T01:00:52.387+0000] {processor.py:183} INFO - Processing /opt/airflow/dags/airflow.py took 1.098 seconds
[2025-12-02T01:01:56.085+0000] {processor.py:161} INFO - Started process (PID=43) to work on /opt/airflow/dags/airflow.py
[2025-12-02T01:01:56.092+0000] {processor.py:830} INFO - Processing file /opt/airflow/dags/airflow.py for tasks to queue
[2025-12-02T01:01:56.093+0000] {logging_mixin.py:188} INFO - [2025-12-02T01:01:56.093+0000] {dagbag.py:545} INFO - Filling up the DagBag from /opt/airflow/dags/airflow.py
[2025-12-02T01:01:57.065+0000] {logging_mixin.py:188} INFO - [2025-12-02T01:01:57.063+0000] {dagbag.py:355} ERROR - Failed to import: /opt/airflow/dags/airflow.py
Traceback (most recent call last):
  File "/home/airflow/.local/lib/python3.12/site-packages/airflow/models/dagbag.py", line 351, in parse
    loader.exec_module(new_module)
  File "<frozen importlib._bootstrap_external>", line 995, in exec_module
  File "<frozen importlib._bootstrap>", line 488, in _call_with_frames_removed
  File "/opt/airflow/dags/airflow.py", line 4, in <module>
    from src.lab import load_data, data_preprocessing, build_save_model, load_model_elbow
  File "/opt/airflow/dags/src/lab.py", line 2, in <module>
    from sklearn.preprocessing import MinMaxScaler
ModuleNotFoundError: No module named 'sklearn'
[2025-12-02T01:01:57.066+0000] {processor.py:842} WARNING - No viable dags retrieved from /opt/airflow/dags/airflow.py
[2025-12-02T01:01:57.082+0000] {processor.py:183} INFO - Processing /opt/airflow/dags/airflow.py took 1.009 seconds
[2025-12-02T01:02:27.342+0000] {processor.py:161} INFO - Started process (PID=50) to work on /opt/airflow/dags/airflow.py
[2025-12-02T01:02:27.343+0000] {processor.py:830} INFO - Processing file /opt/airflow/dags/airflow.py for tasks to queue
[2025-12-02T01:02:27.345+0000] {logging_mixin.py:188} INFO - [2025-12-02T01:02:27.345+0000] {dagbag.py:545} INFO - Filling up the DagBag from /opt/airflow/dags/airflow.py
[2025-12-02T01:02:27.559+0000] {logging_mixin.py:188} INFO - [2025-12-02T01:02:27.558+0000] {dagbag.py:355} ERROR - Failed to import: /opt/airflow/dags/airflow.py
Traceback (most recent call last):
  File "/home/airflow/.local/lib/python3.12/site-packages/airflow/models/dagbag.py", line 351, in parse
    loader.exec_module(new_module)
  File "<frozen importlib._bootstrap_external>", line 995, in exec_module
  File "<frozen importlib._bootstrap>", line 488, in _call_with_frames_removed
  File "/opt/airflow/dags/airflow.py", line 4, in <module>
    from src.lab import load_data, data_preprocessing, build_save_model, load_model_elbow
  File "/opt/airflow/dags/src/lab.py", line 2, in <module>
    from sklearn.preprocessing import MinMaxScaler
ModuleNotFoundError: No module named 'sklearn'
[2025-12-02T01:02:27.559+0000] {processor.py:842} WARNING - No viable dags retrieved from /opt/airflow/dags/airflow.py
[2025-12-02T01:02:27.568+0000] {processor.py:183} INFO - Processing /opt/airflow/dags/airflow.py took 0.233 seconds
[2025-12-02T01:02:57.660+0000] {processor.py:161} INFO - Started process (PID=59) to work on /opt/airflow/dags/airflow.py
[2025-12-02T01:02:57.662+0000] {processor.py:830} INFO - Processing file /opt/airflow/dags/airflow.py for tasks to queue
[2025-12-02T01:02:57.664+0000] {logging_mixin.py:188} INFO - [2025-12-02T01:02:57.663+0000] {dagbag.py:545} INFO - Filling up the DagBag from /opt/airflow/dags/airflow.py
[2025-12-02T01:02:57.941+0000] {logging_mixin.py:188} INFO - [2025-12-02T01:02:57.938+0000] {dagbag.py:355} ERROR - Failed to import: /opt/airflow/dags/airflow.py
Traceback (most recent call last):
  File "/home/airflow/.local/lib/python3.12/site-packages/airflow/models/dagbag.py", line 351, in parse
    loader.exec_module(new_module)
  File "<frozen importlib._bootstrap_external>", line 995, in exec_module
  File "<frozen importlib._bootstrap>", line 488, in _call_with_frames_removed
  File "/opt/airflow/dags/airflow.py", line 4, in <module>
    from src.lab import load_data, data_preprocessing, build_save_model, load_model_elbow
  File "/opt/airflow/dags/src/lab.py", line 2, in <module>
    from sklearn.preprocessing import MinMaxScaler
ModuleNotFoundError: No module named 'sklearn'
[2025-12-02T01:02:57.942+0000] {processor.py:842} WARNING - No viable dags retrieved from /opt/airflow/dags/airflow.py
[2025-12-02T01:02:57.972+0000] {processor.py:183} INFO - Processing /opt/airflow/dags/airflow.py took 0.324 seconds
[2025-12-02T01:03:28.189+0000] {processor.py:161} INFO - Started process (PID=67) to work on /opt/airflow/dags/airflow.py
[2025-12-02T01:03:28.191+0000] {processor.py:830} INFO - Processing file /opt/airflow/dags/airflow.py for tasks to queue
[2025-12-02T01:03:28.201+0000] {logging_mixin.py:188} INFO - [2025-12-02T01:03:28.195+0000] {dagbag.py:545} INFO - Filling up the DagBag from /opt/airflow/dags/airflow.py
[2025-12-02T01:03:28.630+0000] {logging_mixin.py:188} INFO - [2025-12-02T01:03:28.625+0000] {dagbag.py:355} ERROR - Failed to import: /opt/airflow/dags/airflow.py
Traceback (most recent call last):
  File "/home/airflow/.local/lib/python3.12/site-packages/airflow/models/dagbag.py", line 351, in parse
    loader.exec_module(new_module)
  File "<frozen importlib._bootstrap_external>", line 995, in exec_module
  File "<frozen importlib._bootstrap>", line 488, in _call_with_frames_removed
  File "/opt/airflow/dags/airflow.py", line 4, in <module>
    from src.lab import load_data, data_preprocessing, build_save_model, load_model_elbow
  File "/opt/airflow/dags/src/lab.py", line 2, in <module>
    from sklearn.preprocessing import MinMaxScaler
ModuleNotFoundError: No module named 'sklearn'
[2025-12-02T01:03:28.631+0000] {processor.py:842} WARNING - No viable dags retrieved from /opt/airflow/dags/airflow.py
[2025-12-02T01:03:28.682+0000] {processor.py:183} INFO - Processing /opt/airflow/dags/airflow.py took 0.507 seconds
[2025-12-02T01:03:59.019+0000] {processor.py:161} INFO - Started process (PID=75) to work on /opt/airflow/dags/airflow.py
[2025-12-02T01:03:59.026+0000] {processor.py:830} INFO - Processing file /opt/airflow/dags/airflow.py for tasks to queue
[2025-12-02T01:03:59.032+0000] {logging_mixin.py:188} INFO - [2025-12-02T01:03:59.030+0000] {dagbag.py:545} INFO - Filling up the DagBag from /opt/airflow/dags/airflow.py
[2025-12-02T01:04:00.384+0000] {logging_mixin.py:188} INFO - [2025-12-02T01:04:00.380+0000] {dagbag.py:355} ERROR - Failed to import: /opt/airflow/dags/airflow.py
Traceback (most recent call last):
  File "/home/airflow/.local/lib/python3.12/site-packages/airflow/models/dagbag.py", line 351, in parse
    loader.exec_module(new_module)
  File "<frozen importlib._bootstrap_external>", line 995, in exec_module
  File "<frozen importlib._bootstrap>", line 488, in _call_with_frames_removed
  File "/opt/airflow/dags/airflow.py", line 4, in <module>
    from src.lab import load_data, data_preprocessing, build_save_model, load_model_elbow
  File "/opt/airflow/dags/src/lab.py", line 2, in <module>
    from sklearn.preprocessing import MinMaxScaler
ModuleNotFoundError: No module named 'sklearn'
[2025-12-02T01:04:00.385+0000] {processor.py:842} WARNING - No viable dags retrieved from /opt/airflow/dags/airflow.py
[2025-12-02T01:04:00.398+0000] {processor.py:183} INFO - Processing /opt/airflow/dags/airflow.py took 1.415 seconds
[2025-12-02T01:04:30.472+0000] {processor.py:161} INFO - Started process (PID=89) to work on /opt/airflow/dags/airflow.py
[2025-12-02T01:04:30.474+0000] {processor.py:830} INFO - Processing file /opt/airflow/dags/airflow.py for tasks to queue
[2025-12-02T01:04:30.476+0000] {logging_mixin.py:188} INFO - [2025-12-02T01:04:30.475+0000] {dagbag.py:545} INFO - Filling up the DagBag from /opt/airflow/dags/airflow.py
[2025-12-02T01:04:31.165+0000] {logging_mixin.py:188} INFO - [2025-12-02T01:04:31.164+0000] {dagbag.py:355} ERROR - Failed to import: /opt/airflow/dags/airflow.py
Traceback (most recent call last):
  File "/home/airflow/.local/lib/python3.12/site-packages/airflow/models/dagbag.py", line 351, in parse
    loader.exec_module(new_module)
  File "<frozen importlib._bootstrap_external>", line 995, in exec_module
  File "<frozen importlib._bootstrap>", line 488, in _call_with_frames_removed
  File "/opt/airflow/dags/airflow.py", line 4, in <module>
    from src.lab import load_data, data_preprocessing, build_save_model, load_model_elbow
  File "/opt/airflow/dags/src/lab.py", line 2, in <module>
    from sklearn.preprocessing import MinMaxScaler
ModuleNotFoundError: No module named 'sklearn'
[2025-12-02T01:04:31.165+0000] {processor.py:842} WARNING - No viable dags retrieved from /opt/airflow/dags/airflow.py
[2025-12-02T01:04:31.176+0000] {processor.py:183} INFO - Processing /opt/airflow/dags/airflow.py took 0.720 seconds
[2025-12-02T01:05:52.033+0000] {processor.py:161} INFO - Started process (PID=79) to work on /opt/airflow/dags/airflow.py
[2025-12-02T01:05:52.037+0000] {processor.py:830} INFO - Processing file /opt/airflow/dags/airflow.py for tasks to queue
[2025-12-02T01:05:52.044+0000] {logging_mixin.py:188} INFO - [2025-12-02T01:05:52.044+0000] {dagbag.py:545} INFO - Filling up the DagBag from /opt/airflow/dags/airflow.py
[2025-12-02T01:05:54.084+0000] {processor.py:840} INFO - DAG(s) 'Airflow_Employee_Productivity' retrieved from /opt/airflow/dags/airflow.py
[2025-12-02T01:05:54.336+0000] {logging_mixin.py:188} INFO - [2025-12-02T01:05:54.334+0000] {override.py:1829} INFO - Created Permission View: can read on DAG:Airflow_Employee_Productivity
[2025-12-02T01:05:54.365+0000] {logging_mixin.py:188} INFO - [2025-12-02T01:05:54.364+0000] {override.py:1829} INFO - Created Permission View: can edit on DAG:Airflow_Employee_Productivity
[2025-12-02T01:05:54.373+0000] {logging_mixin.py:188} INFO - [2025-12-02T01:05:54.373+0000] {override.py:1829} INFO - Created Permission View: can delete on DAG:Airflow_Employee_Productivity
[2025-12-02T01:05:54.374+0000] {logging_mixin.py:188} INFO - [2025-12-02T01:05:54.374+0000] {dag.py:3096} INFO - Sync 1 DAGs
[2025-12-02T01:05:54.393+0000] {logging_mixin.py:188} INFO - [2025-12-02T01:05:54.392+0000] {dag.py:3118} INFO - Creating ORM DAG for Airflow_Employee_Productivity
[2025-12-02T01:05:54.394+0000] {logging_mixin.py:188} INFO - [2025-12-02T01:05:54.394+0000] {dag.py:3954} INFO - Setting next_dagrun for Airflow_Employee_Productivity to None, run_after=None
[2025-12-02T01:05:54.422+0000] {processor.py:183} INFO - Processing /opt/airflow/dags/airflow.py took 2.417 seconds
[2025-12-02T01:06:24.669+0000] {processor.py:161} INFO - Started process (PID=100) to work on /opt/airflow/dags/airflow.py
[2025-12-02T01:06:24.671+0000] {processor.py:830} INFO - Processing file /opt/airflow/dags/airflow.py for tasks to queue
[2025-12-02T01:06:24.673+0000] {logging_mixin.py:188} INFO - [2025-12-02T01:06:24.673+0000] {dagbag.py:545} INFO - Filling up the DagBag from /opt/airflow/dags/airflow.py
[2025-12-02T01:06:25.484+0000] {processor.py:840} INFO - DAG(s) 'Airflow_Employee_Productivity' retrieved from /opt/airflow/dags/airflow.py
[2025-12-02T01:06:25.504+0000] {logging_mixin.py:188} INFO - [2025-12-02T01:06:25.504+0000] {dag.py:3096} INFO - Sync 1 DAGs
[2025-12-02T01:06:25.510+0000] {logging_mixin.py:188} INFO - [2025-12-02T01:06:25.510+0000] {dag.py:3954} INFO - Setting next_dagrun for Airflow_Employee_Productivity to None, run_after=None
[2025-12-02T01:06:25.520+0000] {processor.py:183} INFO - Processing /opt/airflow/dags/airflow.py took 0.866 seconds
[2025-12-02T01:06:55.660+0000] {processor.py:161} INFO - Started process (PID=115) to work on /opt/airflow/dags/airflow.py
[2025-12-02T01:06:55.662+0000] {processor.py:830} INFO - Processing file /opt/airflow/dags/airflow.py for tasks to queue
[2025-12-02T01:06:55.664+0000] {logging_mixin.py:188} INFO - [2025-12-02T01:06:55.664+0000] {dagbag.py:545} INFO - Filling up the DagBag from /opt/airflow/dags/airflow.py
[2025-12-02T01:06:57.147+0000] {processor.py:840} INFO - DAG(s) 'Airflow_Employee_Productivity' retrieved from /opt/airflow/dags/airflow.py
[2025-12-02T01:06:57.170+0000] {logging_mixin.py:188} INFO - [2025-12-02T01:06:57.169+0000] {dag.py:3096} INFO - Sync 1 DAGs
[2025-12-02T01:06:57.182+0000] {logging_mixin.py:188} INFO - [2025-12-02T01:06:57.182+0000] {dag.py:3954} INFO - Setting next_dagrun for Airflow_Employee_Productivity to None, run_after=None
[2025-12-02T01:06:57.189+0000] {processor.py:183} INFO - Processing /opt/airflow/dags/airflow.py took 1.539 seconds
[2025-12-02T01:07:27.455+0000] {processor.py:161} INFO - Started process (PID=130) to work on /opt/airflow/dags/airflow.py
[2025-12-02T01:07:27.457+0000] {processor.py:830} INFO - Processing file /opt/airflow/dags/airflow.py for tasks to queue
[2025-12-02T01:07:27.459+0000] {logging_mixin.py:188} INFO - [2025-12-02T01:07:27.458+0000] {dagbag.py:545} INFO - Filling up the DagBag from /opt/airflow/dags/airflow.py
[2025-12-02T01:07:28.295+0000] {processor.py:840} INFO - DAG(s) 'Airflow_Employee_Productivity' retrieved from /opt/airflow/dags/airflow.py
[2025-12-02T01:07:28.323+0000] {logging_mixin.py:188} INFO - [2025-12-02T01:07:28.323+0000] {dag.py:3096} INFO - Sync 1 DAGs
[2025-12-02T01:07:28.340+0000] {logging_mixin.py:188} INFO - [2025-12-02T01:07:28.339+0000] {dag.py:3954} INFO - Setting next_dagrun for Airflow_Employee_Productivity to None, run_after=None
[2025-12-02T01:07:28.355+0000] {processor.py:183} INFO - Processing /opt/airflow/dags/airflow.py took 0.904 seconds
[2025-12-02T01:07:58.608+0000] {processor.py:161} INFO - Started process (PID=145) to work on /opt/airflow/dags/airflow.py
[2025-12-02T01:07:58.609+0000] {processor.py:830} INFO - Processing file /opt/airflow/dags/airflow.py for tasks to queue
[2025-12-02T01:07:58.611+0000] {logging_mixin.py:188} INFO - [2025-12-02T01:07:58.611+0000] {dagbag.py:545} INFO - Filling up the DagBag from /opt/airflow/dags/airflow.py
[2025-12-02T01:07:59.330+0000] {processor.py:840} INFO - DAG(s) 'Airflow_Employee_Productivity' retrieved from /opt/airflow/dags/airflow.py
[2025-12-02T01:07:59.349+0000] {logging_mixin.py:188} INFO - [2025-12-02T01:07:59.349+0000] {dag.py:3096} INFO - Sync 1 DAGs
[2025-12-02T01:07:59.356+0000] {logging_mixin.py:188} INFO - [2025-12-02T01:07:59.356+0000] {dag.py:3954} INFO - Setting next_dagrun for Airflow_Employee_Productivity to None, run_after=None
[2025-12-02T01:07:59.360+0000] {processor.py:183} INFO - Processing /opt/airflow/dags/airflow.py took 0.758 seconds
[2025-12-02T01:08:29.932+0000] {processor.py:161} INFO - Started process (PID=160) to work on /opt/airflow/dags/airflow.py
[2025-12-02T01:08:29.933+0000] {processor.py:830} INFO - Processing file /opt/airflow/dags/airflow.py for tasks to queue
[2025-12-02T01:08:29.939+0000] {logging_mixin.py:188} INFO - [2025-12-02T01:08:29.938+0000] {dagbag.py:545} INFO - Filling up the DagBag from /opt/airflow/dags/airflow.py
[2025-12-02T01:08:31.274+0000] {processor.py:840} INFO - DAG(s) 'Airflow_Employee_Productivity' retrieved from /opt/airflow/dags/airflow.py
[2025-12-02T01:08:31.391+0000] {logging_mixin.py:188} INFO - [2025-12-02T01:08:31.391+0000] {dag.py:3096} INFO - Sync 1 DAGs
[2025-12-02T01:08:31.410+0000] {logging_mixin.py:188} INFO - [2025-12-02T01:08:31.410+0000] {dag.py:3954} INFO - Setting next_dagrun for Airflow_Employee_Productivity to None, run_after=None
[2025-12-02T01:08:31.437+0000] {processor.py:183} INFO - Processing /opt/airflow/dags/airflow.py took 1.517 seconds
[2025-12-02T01:09:01.687+0000] {processor.py:161} INFO - Started process (PID=175) to work on /opt/airflow/dags/airflow.py
[2025-12-02T01:09:01.688+0000] {processor.py:830} INFO - Processing file /opt/airflow/dags/airflow.py for tasks to queue
[2025-12-02T01:09:01.690+0000] {logging_mixin.py:188} INFO - [2025-12-02T01:09:01.690+0000] {dagbag.py:545} INFO - Filling up the DagBag from /opt/airflow/dags/airflow.py
[2025-12-02T01:09:02.374+0000] {processor.py:840} INFO - DAG(s) 'Airflow_Employee_Productivity' retrieved from /opt/airflow/dags/airflow.py
[2025-12-02T01:09:02.386+0000] {logging_mixin.py:188} INFO - [2025-12-02T01:09:02.386+0000] {dag.py:3096} INFO - Sync 1 DAGs
[2025-12-02T01:09:02.391+0000] {logging_mixin.py:188} INFO - [2025-12-02T01:09:02.391+0000] {dag.py:3954} INFO - Setting next_dagrun for Airflow_Employee_Productivity to None, run_after=None
[2025-12-02T01:09:02.398+0000] {processor.py:183} INFO - Processing /opt/airflow/dags/airflow.py took 0.718 seconds
[2025-12-02T01:09:32.527+0000] {processor.py:161} INFO - Started process (PID=190) to work on /opt/airflow/dags/airflow.py
[2025-12-02T01:09:32.530+0000] {processor.py:830} INFO - Processing file /opt/airflow/dags/airflow.py for tasks to queue
[2025-12-02T01:09:32.537+0000] {logging_mixin.py:188} INFO - [2025-12-02T01:09:32.532+0000] {dagbag.py:545} INFO - Filling up the DagBag from /opt/airflow/dags/airflow.py
[2025-12-02T01:09:33.459+0000] {processor.py:840} INFO - DAG(s) 'Airflow_Employee_Productivity' retrieved from /opt/airflow/dags/airflow.py
[2025-12-02T01:09:33.475+0000] {logging_mixin.py:188} INFO - [2025-12-02T01:09:33.475+0000] {dag.py:3096} INFO - Sync 1 DAGs
[2025-12-02T01:09:33.480+0000] {logging_mixin.py:188} INFO - [2025-12-02T01:09:33.480+0000] {dag.py:3954} INFO - Setting next_dagrun for Airflow_Employee_Productivity to None, run_after=None
[2025-12-02T01:09:33.486+0000] {processor.py:183} INFO - Processing /opt/airflow/dags/airflow.py took 0.971 seconds
[2025-12-02T01:10:03.827+0000] {processor.py:161} INFO - Started process (PID=205) to work on /opt/airflow/dags/airflow.py
[2025-12-02T01:10:03.828+0000] {processor.py:830} INFO - Processing file /opt/airflow/dags/airflow.py for tasks to queue
[2025-12-02T01:10:03.832+0000] {logging_mixin.py:188} INFO - [2025-12-02T01:10:03.832+0000] {dagbag.py:545} INFO - Filling up the DagBag from /opt/airflow/dags/airflow.py
[2025-12-02T01:10:04.534+0000] {processor.py:840} INFO - DAG(s) 'Airflow_Employee_Productivity' retrieved from /opt/airflow/dags/airflow.py
[2025-12-02T01:10:04.550+0000] {logging_mixin.py:188} INFO - [2025-12-02T01:10:04.549+0000] {dag.py:3096} INFO - Sync 1 DAGs
[2025-12-02T01:10:04.555+0000] {logging_mixin.py:188} INFO - [2025-12-02T01:10:04.554+0000] {dag.py:3954} INFO - Setting next_dagrun for Airflow_Employee_Productivity to None, run_after=None
[2025-12-02T01:10:04.562+0000] {processor.py:183} INFO - Processing /opt/airflow/dags/airflow.py took 0.747 seconds
[2025-12-02T01:10:34.965+0000] {processor.py:161} INFO - Started process (PID=220) to work on /opt/airflow/dags/airflow.py
[2025-12-02T01:10:34.968+0000] {processor.py:830} INFO - Processing file /opt/airflow/dags/airflow.py for tasks to queue
[2025-12-02T01:10:34.977+0000] {logging_mixin.py:188} INFO - [2025-12-02T01:10:34.977+0000] {dagbag.py:545} INFO - Filling up the DagBag from /opt/airflow/dags/airflow.py
[2025-12-02T01:10:35.621+0000] {processor.py:840} INFO - DAG(s) 'Airflow_Employee_Productivity' retrieved from /opt/airflow/dags/airflow.py
[2025-12-02T01:10:35.645+0000] {logging_mixin.py:188} INFO - [2025-12-02T01:10:35.644+0000] {dag.py:3096} INFO - Sync 1 DAGs
[2025-12-02T01:10:35.649+0000] {logging_mixin.py:188} INFO - [2025-12-02T01:10:35.649+0000] {dag.py:3954} INFO - Setting next_dagrun for Airflow_Employee_Productivity to None, run_after=None
[2025-12-02T01:10:35.655+0000] {processor.py:183} INFO - Processing /opt/airflow/dags/airflow.py took 0.702 seconds
[2025-12-02T01:11:05.963+0000] {processor.py:161} INFO - Started process (PID=235) to work on /opt/airflow/dags/airflow.py
[2025-12-02T01:11:05.964+0000] {processor.py:830} INFO - Processing file /opt/airflow/dags/airflow.py for tasks to queue
[2025-12-02T01:11:05.966+0000] {logging_mixin.py:188} INFO - [2025-12-02T01:11:05.966+0000] {dagbag.py:545} INFO - Filling up the DagBag from /opt/airflow/dags/airflow.py
[2025-12-02T01:11:06.606+0000] {processor.py:840} INFO - DAG(s) 'Airflow_Employee_Productivity' retrieved from /opt/airflow/dags/airflow.py
[2025-12-02T01:11:06.623+0000] {logging_mixin.py:188} INFO - [2025-12-02T01:11:06.623+0000] {dag.py:3096} INFO - Sync 1 DAGs
[2025-12-02T01:11:06.627+0000] {logging_mixin.py:188} INFO - [2025-12-02T01:11:06.627+0000] {dag.py:3954} INFO - Setting next_dagrun for Airflow_Employee_Productivity to None, run_after=None
[2025-12-02T01:11:06.633+0000] {processor.py:183} INFO - Processing /opt/airflow/dags/airflow.py took 0.688 seconds
[2025-12-02T01:11:36.917+0000] {processor.py:161} INFO - Started process (PID=250) to work on /opt/airflow/dags/airflow.py
[2025-12-02T01:11:36.921+0000] {processor.py:830} INFO - Processing file /opt/airflow/dags/airflow.py for tasks to queue
[2025-12-02T01:11:36.926+0000] {logging_mixin.py:188} INFO - [2025-12-02T01:11:36.926+0000] {dagbag.py:545} INFO - Filling up the DagBag from /opt/airflow/dags/airflow.py
[2025-12-02T01:11:37.628+0000] {processor.py:840} INFO - DAG(s) 'Airflow_Employee_Productivity' retrieved from /opt/airflow/dags/airflow.py
[2025-12-02T01:11:37.642+0000] {logging_mixin.py:188} INFO - [2025-12-02T01:11:37.642+0000] {dag.py:3096} INFO - Sync 1 DAGs
[2025-12-02T01:11:37.646+0000] {logging_mixin.py:188} INFO - [2025-12-02T01:11:37.646+0000] {dag.py:3954} INFO - Setting next_dagrun for Airflow_Employee_Productivity to None, run_after=None
[2025-12-02T01:11:37.652+0000] {processor.py:183} INFO - Processing /opt/airflow/dags/airflow.py took 0.747 seconds
[2025-12-02T01:12:08.131+0000] {processor.py:161} INFO - Started process (PID=265) to work on /opt/airflow/dags/airflow.py
[2025-12-02T01:12:08.133+0000] {processor.py:830} INFO - Processing file /opt/airflow/dags/airflow.py for tasks to queue
[2025-12-02T01:12:08.135+0000] {logging_mixin.py:188} INFO - [2025-12-02T01:12:08.135+0000] {dagbag.py:545} INFO - Filling up the DagBag from /opt/airflow/dags/airflow.py
[2025-12-02T01:12:08.734+0000] {processor.py:840} INFO - DAG(s) 'Airflow_Employee_Productivity' retrieved from /opt/airflow/dags/airflow.py
[2025-12-02T01:12:08.760+0000] {logging_mixin.py:188} INFO - [2025-12-02T01:12:08.759+0000] {dag.py:3096} INFO - Sync 1 DAGs
[2025-12-02T01:12:08.764+0000] {logging_mixin.py:188} INFO - [2025-12-02T01:12:08.764+0000] {dag.py:3954} INFO - Setting next_dagrun for Airflow_Employee_Productivity to None, run_after=None
[2025-12-02T01:12:08.771+0000] {processor.py:183} INFO - Processing /opt/airflow/dags/airflow.py took 0.663 seconds
[2025-12-02T01:12:39.171+0000] {processor.py:161} INFO - Started process (PID=280) to work on /opt/airflow/dags/airflow.py
[2025-12-02T01:12:39.174+0000] {processor.py:830} INFO - Processing file /opt/airflow/dags/airflow.py for tasks to queue
[2025-12-02T01:12:39.177+0000] {logging_mixin.py:188} INFO - [2025-12-02T01:12:39.177+0000] {dagbag.py:545} INFO - Filling up the DagBag from /opt/airflow/dags/airflow.py
[2025-12-02T01:12:39.832+0000] {processor.py:840} INFO - DAG(s) 'Airflow_Employee_Productivity' retrieved from /opt/airflow/dags/airflow.py
[2025-12-02T01:12:39.843+0000] {logging_mixin.py:188} INFO - [2025-12-02T01:12:39.843+0000] {dag.py:3096} INFO - Sync 1 DAGs
[2025-12-02T01:12:39.848+0000] {logging_mixin.py:188} INFO - [2025-12-02T01:12:39.848+0000] {dag.py:3954} INFO - Setting next_dagrun for Airflow_Employee_Productivity to None, run_after=None
[2025-12-02T01:12:39.853+0000] {processor.py:183} INFO - Processing /opt/airflow/dags/airflow.py took 0.699 seconds
[2025-12-02T01:13:56.808+0000] {processor.py:161} INFO - Started process (PID=81) to work on /opt/airflow/dags/airflow.py
[2025-12-02T01:13:56.812+0000] {processor.py:830} INFO - Processing file /opt/airflow/dags/airflow.py for tasks to queue
[2025-12-02T01:13:56.816+0000] {logging_mixin.py:188} INFO - [2025-12-02T01:13:56.815+0000] {dagbag.py:545} INFO - Filling up the DagBag from /opt/airflow/dags/airflow.py
[2025-12-02T01:13:59.390+0000] {processor.py:840} INFO - DAG(s) 'Airflow_Employee_Productivity' retrieved from /opt/airflow/dags/airflow.py
[2025-12-02T01:13:59.602+0000] {logging_mixin.py:188} INFO - [2025-12-02T01:13:59.601+0000] {dag.py:3096} INFO - Sync 1 DAGs
[2025-12-02T01:13:59.611+0000] {logging_mixin.py:188} INFO - [2025-12-02T01:13:59.611+0000] {dag.py:3954} INFO - Setting next_dagrun for Airflow_Employee_Productivity to None, run_after=None
[2025-12-02T01:13:59.625+0000] {processor.py:183} INFO - Processing /opt/airflow/dags/airflow.py took 2.829 seconds
[2025-12-02T01:14:29.869+0000] {processor.py:161} INFO - Started process (PID=97) to work on /opt/airflow/dags/airflow.py
[2025-12-02T01:14:29.870+0000] {processor.py:830} INFO - Processing file /opt/airflow/dags/airflow.py for tasks to queue
[2025-12-02T01:14:29.878+0000] {logging_mixin.py:188} INFO - [2025-12-02T01:14:29.877+0000] {dagbag.py:545} INFO - Filling up the DagBag from /opt/airflow/dags/airflow.py
[2025-12-02T01:14:30.897+0000] {processor.py:840} INFO - DAG(s) 'Airflow_Employee_Productivity' retrieved from /opt/airflow/dags/airflow.py
[2025-12-02T01:14:30.908+0000] {logging_mixin.py:188} INFO - [2025-12-02T01:14:30.908+0000] {dag.py:3096} INFO - Sync 1 DAGs
[2025-12-02T01:14:30.913+0000] {logging_mixin.py:188} INFO - [2025-12-02T01:14:30.913+0000] {dag.py:3954} INFO - Setting next_dagrun for Airflow_Employee_Productivity to None, run_after=None
[2025-12-02T01:14:30.918+0000] {processor.py:183} INFO - Processing /opt/airflow/dags/airflow.py took 1.053 seconds
[2025-12-02T01:15:01.327+0000] {processor.py:161} INFO - Started process (PID=118) to work on /opt/airflow/dags/airflow.py
[2025-12-02T01:15:01.330+0000] {processor.py:830} INFO - Processing file /opt/airflow/dags/airflow.py for tasks to queue
[2025-12-02T01:15:01.332+0000] {logging_mixin.py:188} INFO - [2025-12-02T01:15:01.331+0000] {dagbag.py:545} INFO - Filling up the DagBag from /opt/airflow/dags/airflow.py
[2025-12-02T01:15:02.584+0000] {processor.py:840} INFO - DAG(s) 'Airflow_Employee_Productivity' retrieved from /opt/airflow/dags/airflow.py
[2025-12-02T01:15:02.605+0000] {logging_mixin.py:188} INFO - [2025-12-02T01:15:02.605+0000] {dag.py:3096} INFO - Sync 1 DAGs
[2025-12-02T01:15:02.618+0000] {logging_mixin.py:188} INFO - [2025-12-02T01:15:02.618+0000] {dag.py:3954} INFO - Setting next_dagrun for Airflow_Employee_Productivity to None, run_after=None
[2025-12-02T01:15:02.630+0000] {processor.py:183} INFO - Processing /opt/airflow/dags/airflow.py took 1.319 seconds
[2025-12-02T01:15:32.986+0000] {processor.py:161} INFO - Started process (PID=133) to work on /opt/airflow/dags/airflow.py
[2025-12-02T01:15:32.987+0000] {processor.py:830} INFO - Processing file /opt/airflow/dags/airflow.py for tasks to queue
[2025-12-02T01:15:32.989+0000] {logging_mixin.py:188} INFO - [2025-12-02T01:15:32.988+0000] {dagbag.py:545} INFO - Filling up the DagBag from /opt/airflow/dags/airflow.py
[2025-12-02T01:15:34.501+0000] {processor.py:840} INFO - DAG(s) 'Airflow_Employee_Productivity' retrieved from /opt/airflow/dags/airflow.py
[2025-12-02T01:15:34.512+0000] {logging_mixin.py:188} INFO - [2025-12-02T01:15:34.512+0000] {dag.py:3096} INFO - Sync 1 DAGs
[2025-12-02T01:15:34.516+0000] {logging_mixin.py:188} INFO - [2025-12-02T01:15:34.516+0000] {dag.py:3954} INFO - Setting next_dagrun for Airflow_Employee_Productivity to None, run_after=None
[2025-12-02T01:15:34.522+0000] {processor.py:183} INFO - Processing /opt/airflow/dags/airflow.py took 1.545 seconds
[2025-12-02T01:16:04.954+0000] {processor.py:161} INFO - Started process (PID=148) to work on /opt/airflow/dags/airflow.py
[2025-12-02T01:16:04.957+0000] {processor.py:830} INFO - Processing file /opt/airflow/dags/airflow.py for tasks to queue
[2025-12-02T01:16:04.963+0000] {logging_mixin.py:188} INFO - [2025-12-02T01:16:04.963+0000] {dagbag.py:545} INFO - Filling up the DagBag from /opt/airflow/dags/airflow.py
[2025-12-02T01:16:06.755+0000] {processor.py:840} INFO - DAG(s) 'Airflow_Employee_Productivity' retrieved from /opt/airflow/dags/airflow.py
[2025-12-02T01:16:06.790+0000] {logging_mixin.py:188} INFO - [2025-12-02T01:16:06.790+0000] {dag.py:3096} INFO - Sync 1 DAGs
[2025-12-02T01:16:06.800+0000] {logging_mixin.py:188} INFO - [2025-12-02T01:16:06.800+0000] {dag.py:3954} INFO - Setting next_dagrun for Airflow_Employee_Productivity to None, run_after=None
[2025-12-02T01:16:06.823+0000] {processor.py:183} INFO - Processing /opt/airflow/dags/airflow.py took 1.887 seconds
[2025-12-02T01:16:37.179+0000] {processor.py:161} INFO - Started process (PID=163) to work on /opt/airflow/dags/airflow.py
[2025-12-02T01:16:37.181+0000] {processor.py:830} INFO - Processing file /opt/airflow/dags/airflow.py for tasks to queue
[2025-12-02T01:16:37.184+0000] {logging_mixin.py:188} INFO - [2025-12-02T01:16:37.183+0000] {dagbag.py:545} INFO - Filling up the DagBag from /opt/airflow/dags/airflow.py
[2025-12-02T01:16:38.121+0000] {processor.py:840} INFO - DAG(s) 'Airflow_Employee_Productivity' retrieved from /opt/airflow/dags/airflow.py
[2025-12-02T01:16:38.141+0000] {logging_mixin.py:188} INFO - [2025-12-02T01:16:38.140+0000] {dag.py:3096} INFO - Sync 1 DAGs
[2025-12-02T01:16:38.149+0000] {logging_mixin.py:188} INFO - [2025-12-02T01:16:38.149+0000] {dag.py:3954} INFO - Setting next_dagrun for Airflow_Employee_Productivity to None, run_after=None
[2025-12-02T01:16:38.158+0000] {processor.py:183} INFO - Processing /opt/airflow/dags/airflow.py took 0.988 seconds
[2025-12-02T01:17:08.634+0000] {processor.py:161} INFO - Started process (PID=178) to work on /opt/airflow/dags/airflow.py
[2025-12-02T01:17:08.635+0000] {processor.py:830} INFO - Processing file /opt/airflow/dags/airflow.py for tasks to queue
[2025-12-02T01:17:08.638+0000] {logging_mixin.py:188} INFO - [2025-12-02T01:17:08.638+0000] {dagbag.py:545} INFO - Filling up the DagBag from /opt/airflow/dags/airflow.py
[2025-12-02T01:17:09.295+0000] {processor.py:840} INFO - DAG(s) 'Airflow_Employee_Productivity' retrieved from /opt/airflow/dags/airflow.py
[2025-12-02T01:17:09.312+0000] {logging_mixin.py:188} INFO - [2025-12-02T01:17:09.312+0000] {dag.py:3096} INFO - Sync 1 DAGs
[2025-12-02T01:17:09.317+0000] {logging_mixin.py:188} INFO - [2025-12-02T01:17:09.317+0000] {dag.py:3954} INFO - Setting next_dagrun for Airflow_Employee_Productivity to None, run_after=None
[2025-12-02T01:17:09.324+0000] {processor.py:183} INFO - Processing /opt/airflow/dags/airflow.py took 0.698 seconds
[2025-12-02T01:17:39.818+0000] {processor.py:161} INFO - Started process (PID=193) to work on /opt/airflow/dags/airflow.py
[2025-12-02T01:17:39.819+0000] {processor.py:830} INFO - Processing file /opt/airflow/dags/airflow.py for tasks to queue
[2025-12-02T01:17:39.823+0000] {logging_mixin.py:188} INFO - [2025-12-02T01:17:39.822+0000] {dagbag.py:545} INFO - Filling up the DagBag from /opt/airflow/dags/airflow.py
[2025-12-02T01:17:40.432+0000] {processor.py:840} INFO - DAG(s) 'Airflow_Employee_Productivity' retrieved from /opt/airflow/dags/airflow.py
[2025-12-02T01:17:40.455+0000] {logging_mixin.py:188} INFO - [2025-12-02T01:17:40.455+0000] {dag.py:3096} INFO - Sync 1 DAGs
[2025-12-02T01:17:40.460+0000] {logging_mixin.py:188} INFO - [2025-12-02T01:17:40.460+0000] {dag.py:3954} INFO - Setting next_dagrun for Airflow_Employee_Productivity to None, run_after=None
[2025-12-02T01:17:40.466+0000] {processor.py:183} INFO - Processing /opt/airflow/dags/airflow.py took 0.659 seconds
[2025-12-02T01:18:10.793+0000] {processor.py:161} INFO - Started process (PID=208) to work on /opt/airflow/dags/airflow.py
[2025-12-02T01:18:10.794+0000] {processor.py:830} INFO - Processing file /opt/airflow/dags/airflow.py for tasks to queue
[2025-12-02T01:18:10.798+0000] {logging_mixin.py:188} INFO - [2025-12-02T01:18:10.798+0000] {dagbag.py:545} INFO - Filling up the DagBag from /opt/airflow/dags/airflow.py
[2025-12-02T01:18:11.465+0000] {processor.py:840} INFO - DAG(s) 'Airflow_Employee_Productivity' retrieved from /opt/airflow/dags/airflow.py
[2025-12-02T01:18:11.477+0000] {logging_mixin.py:188} INFO - [2025-12-02T01:18:11.477+0000] {dag.py:3096} INFO - Sync 1 DAGs
[2025-12-02T01:18:11.482+0000] {logging_mixin.py:188} INFO - [2025-12-02T01:18:11.481+0000] {dag.py:3954} INFO - Setting next_dagrun for Airflow_Employee_Productivity to None, run_after=None
[2025-12-02T01:18:11.487+0000] {processor.py:183} INFO - Processing /opt/airflow/dags/airflow.py took 0.709 seconds
[2025-12-02T01:18:41.640+0000] {processor.py:161} INFO - Started process (PID=223) to work on /opt/airflow/dags/airflow.py
[2025-12-02T01:18:41.641+0000] {processor.py:830} INFO - Processing file /opt/airflow/dags/airflow.py for tasks to queue
[2025-12-02T01:18:41.644+0000] {logging_mixin.py:188} INFO - [2025-12-02T01:18:41.644+0000] {dagbag.py:545} INFO - Filling up the DagBag from /opt/airflow/dags/airflow.py
[2025-12-02T01:18:42.286+0000] {processor.py:840} INFO - DAG(s) 'Airflow_Employee_Productivity' retrieved from /opt/airflow/dags/airflow.py
[2025-12-02T01:18:42.303+0000] {logging_mixin.py:188} INFO - [2025-12-02T01:18:42.303+0000] {dag.py:3096} INFO - Sync 1 DAGs
[2025-12-02T01:18:42.311+0000] {logging_mixin.py:188} INFO - [2025-12-02T01:18:42.311+0000] {dag.py:3954} INFO - Setting next_dagrun for Airflow_Employee_Productivity to None, run_after=None
[2025-12-02T01:18:42.317+0000] {processor.py:183} INFO - Processing /opt/airflow/dags/airflow.py took 0.685 seconds
[2025-12-02T01:19:12.665+0000] {processor.py:161} INFO - Started process (PID=238) to work on /opt/airflow/dags/airflow.py
[2025-12-02T01:19:12.667+0000] {processor.py:830} INFO - Processing file /opt/airflow/dags/airflow.py for tasks to queue
[2025-12-02T01:19:12.669+0000] {logging_mixin.py:188} INFO - [2025-12-02T01:19:12.669+0000] {dagbag.py:545} INFO - Filling up the DagBag from /opt/airflow/dags/airflow.py
[2025-12-02T01:19:13.341+0000] {processor.py:840} INFO - DAG(s) 'Airflow_Employee_Productivity' retrieved from /opt/airflow/dags/airflow.py
[2025-12-02T01:19:13.359+0000] {logging_mixin.py:188} INFO - [2025-12-02T01:19:13.358+0000] {dag.py:3096} INFO - Sync 1 DAGs
[2025-12-02T01:19:13.363+0000] {logging_mixin.py:188} INFO - [2025-12-02T01:19:13.363+0000] {dag.py:3954} INFO - Setting next_dagrun for Airflow_Employee_Productivity to None, run_after=None
[2025-12-02T01:19:13.369+0000] {processor.py:183} INFO - Processing /opt/airflow/dags/airflow.py took 0.719 seconds
[2025-12-02T01:20:27.048+0000] {processor.py:161} INFO - Started process (PID=76) to work on /opt/airflow/dags/airflow.py
[2025-12-02T01:20:27.056+0000] {processor.py:830} INFO - Processing file /opt/airflow/dags/airflow.py for tasks to queue
[2025-12-02T01:20:27.057+0000] {logging_mixin.py:188} INFO - [2025-12-02T01:20:27.057+0000] {dagbag.py:545} INFO - Filling up the DagBag from /opt/airflow/dags/airflow.py
[2025-12-02T01:20:28.637+0000] {processor.py:840} INFO - DAG(s) 'Airflow_Employee_Productivity' retrieved from /opt/airflow/dags/airflow.py
[2025-12-02T01:20:28.912+0000] {logging_mixin.py:188} INFO - [2025-12-02T01:20:28.911+0000] {dag.py:3096} INFO - Sync 1 DAGs
[2025-12-02T01:20:28.921+0000] {logging_mixin.py:188} INFO - [2025-12-02T01:20:28.921+0000] {dag.py:3954} INFO - Setting next_dagrun for Airflow_Employee_Productivity to None, run_after=None
[2025-12-02T01:20:28.932+0000] {processor.py:183} INFO - Processing /opt/airflow/dags/airflow.py took 1.923 seconds
[2025-12-02T01:20:59.227+0000] {processor.py:161} INFO - Started process (PID=97) to work on /opt/airflow/dags/airflow.py
[2025-12-02T01:20:59.228+0000] {processor.py:830} INFO - Processing file /opt/airflow/dags/airflow.py for tasks to queue
[2025-12-02T01:20:59.230+0000] {logging_mixin.py:188} INFO - [2025-12-02T01:20:59.229+0000] {dagbag.py:545} INFO - Filling up the DagBag from /opt/airflow/dags/airflow.py
[2025-12-02T01:21:01.654+0000] {processor.py:840} INFO - DAG(s) 'Airflow_Employee_Productivity' retrieved from /opt/airflow/dags/airflow.py
[2025-12-02T01:21:02.149+0000] {logging_mixin.py:188} INFO - [2025-12-02T01:21:02.146+0000] {dag.py:3096} INFO - Sync 1 DAGs
[2025-12-02T01:21:02.183+0000] {logging_mixin.py:188} INFO - [2025-12-02T01:21:02.183+0000] {dag.py:3954} INFO - Setting next_dagrun for Airflow_Employee_Productivity to None, run_after=None
[2025-12-02T01:21:02.207+0000] {processor.py:183} INFO - Processing /opt/airflow/dags/airflow.py took 2.985 seconds
[2025-12-02T01:21:32.746+0000] {processor.py:161} INFO - Started process (PID=112) to work on /opt/airflow/dags/airflow.py
[2025-12-02T01:21:32.747+0000] {processor.py:830} INFO - Processing file /opt/airflow/dags/airflow.py for tasks to queue
[2025-12-02T01:21:32.751+0000] {logging_mixin.py:188} INFO - [2025-12-02T01:21:32.750+0000] {dagbag.py:545} INFO - Filling up the DagBag from /opt/airflow/dags/airflow.py
[2025-12-02T01:21:33.762+0000] {processor.py:840} INFO - DAG(s) 'Airflow_Employee_Productivity' retrieved from /opt/airflow/dags/airflow.py
[2025-12-02T01:21:33.784+0000] {logging_mixin.py:188} INFO - [2025-12-02T01:21:33.783+0000] {dag.py:3096} INFO - Sync 1 DAGs
[2025-12-02T01:21:33.792+0000] {logging_mixin.py:188} INFO - [2025-12-02T01:21:33.792+0000] {dag.py:3954} INFO - Setting next_dagrun for Airflow_Employee_Productivity to None, run_after=None
[2025-12-02T01:21:33.799+0000] {processor.py:183} INFO - Processing /opt/airflow/dags/airflow.py took 1.066 seconds
[2025-12-02T01:22:04.019+0000] {processor.py:161} INFO - Started process (PID=127) to work on /opt/airflow/dags/airflow.py
[2025-12-02T01:22:04.021+0000] {processor.py:830} INFO - Processing file /opt/airflow/dags/airflow.py for tasks to queue
[2025-12-02T01:22:04.023+0000] {logging_mixin.py:188} INFO - [2025-12-02T01:22:04.023+0000] {dagbag.py:545} INFO - Filling up the DagBag from /opt/airflow/dags/airflow.py
[2025-12-02T01:22:04.613+0000] {processor.py:840} INFO - DAG(s) 'Airflow_Employee_Productivity' retrieved from /opt/airflow/dags/airflow.py
[2025-12-02T01:22:04.626+0000] {logging_mixin.py:188} INFO - [2025-12-02T01:22:04.626+0000] {dag.py:3096} INFO - Sync 1 DAGs
[2025-12-02T01:22:04.630+0000] {logging_mixin.py:188} INFO - [2025-12-02T01:22:04.630+0000] {dag.py:3954} INFO - Setting next_dagrun for Airflow_Employee_Productivity to None, run_after=None
[2025-12-02T01:22:04.635+0000] {processor.py:183} INFO - Processing /opt/airflow/dags/airflow.py took 0.624 seconds
[2025-12-02T01:22:34.913+0000] {processor.py:161} INFO - Started process (PID=141) to work on /opt/airflow/dags/airflow.py
[2025-12-02T01:22:34.915+0000] {processor.py:830} INFO - Processing file /opt/airflow/dags/airflow.py for tasks to queue
[2025-12-02T01:22:34.918+0000] {logging_mixin.py:188} INFO - [2025-12-02T01:22:34.918+0000] {dagbag.py:545} INFO - Filling up the DagBag from /opt/airflow/dags/airflow.py
[2025-12-02T01:22:35.594+0000] {processor.py:840} INFO - DAG(s) 'Airflow_Employee_Productivity' retrieved from /opt/airflow/dags/airflow.py
[2025-12-02T01:22:35.605+0000] {logging_mixin.py:188} INFO - [2025-12-02T01:22:35.605+0000] {dag.py:3096} INFO - Sync 1 DAGs
[2025-12-02T01:22:35.609+0000] {logging_mixin.py:188} INFO - [2025-12-02T01:22:35.609+0000] {dag.py:3954} INFO - Setting next_dagrun for Airflow_Employee_Productivity to None, run_after=None
[2025-12-02T01:22:35.614+0000] {processor.py:183} INFO - Processing /opt/airflow/dags/airflow.py took 0.710 seconds
[2025-12-02T01:23:05.887+0000] {processor.py:161} INFO - Started process (PID=156) to work on /opt/airflow/dags/airflow.py
[2025-12-02T01:23:05.888+0000] {processor.py:830} INFO - Processing file /opt/airflow/dags/airflow.py for tasks to queue
[2025-12-02T01:23:05.893+0000] {logging_mixin.py:188} INFO - [2025-12-02T01:23:05.892+0000] {dagbag.py:545} INFO - Filling up the DagBag from /opt/airflow/dags/airflow.py
[2025-12-02T01:23:06.533+0000] {processor.py:840} INFO - DAG(s) 'Airflow_Employee_Productivity' retrieved from /opt/airflow/dags/airflow.py
[2025-12-02T01:23:06.550+0000] {logging_mixin.py:188} INFO - [2025-12-02T01:23:06.550+0000] {dag.py:3096} INFO - Sync 1 DAGs
[2025-12-02T01:23:06.555+0000] {logging_mixin.py:188} INFO - [2025-12-02T01:23:06.554+0000] {dag.py:3954} INFO - Setting next_dagrun for Airflow_Employee_Productivity to None, run_after=None
[2025-12-02T01:23:06.560+0000] {processor.py:183} INFO - Processing /opt/airflow/dags/airflow.py took 0.683 seconds
[2025-12-02T01:23:36.799+0000] {processor.py:161} INFO - Started process (PID=171) to work on /opt/airflow/dags/airflow.py
[2025-12-02T01:23:36.801+0000] {processor.py:830} INFO - Processing file /opt/airflow/dags/airflow.py for tasks to queue
[2025-12-02T01:23:36.807+0000] {logging_mixin.py:188} INFO - [2025-12-02T01:23:36.806+0000] {dagbag.py:545} INFO - Filling up the DagBag from /opt/airflow/dags/airflow.py
[2025-12-02T01:23:37.485+0000] {processor.py:840} INFO - DAG(s) 'Airflow_Employee_Productivity' retrieved from /opt/airflow/dags/airflow.py
[2025-12-02T01:23:37.500+0000] {logging_mixin.py:188} INFO - [2025-12-02T01:23:37.500+0000] {dag.py:3096} INFO - Sync 1 DAGs
[2025-12-02T01:23:37.504+0000] {logging_mixin.py:188} INFO - [2025-12-02T01:23:37.504+0000] {dag.py:3954} INFO - Setting next_dagrun for Airflow_Employee_Productivity to None, run_after=None
[2025-12-02T01:23:37.510+0000] {processor.py:183} INFO - Processing /opt/airflow/dags/airflow.py took 0.716 seconds
[2025-12-02T01:24:07.856+0000] {processor.py:161} INFO - Started process (PID=186) to work on /opt/airflow/dags/airflow.py
[2025-12-02T01:24:07.866+0000] {processor.py:830} INFO - Processing file /opt/airflow/dags/airflow.py for tasks to queue
[2025-12-02T01:24:07.870+0000] {logging_mixin.py:188} INFO - [2025-12-02T01:24:07.869+0000] {dagbag.py:545} INFO - Filling up the DagBag from /opt/airflow/dags/airflow.py
[2025-12-02T01:24:08.482+0000] {processor.py:840} INFO - DAG(s) 'Airflow_Employee_Productivity' retrieved from /opt/airflow/dags/airflow.py
[2025-12-02T01:24:08.493+0000] {logging_mixin.py:188} INFO - [2025-12-02T01:24:08.493+0000] {dag.py:3096} INFO - Sync 1 DAGs
[2025-12-02T01:24:08.500+0000] {logging_mixin.py:188} INFO - [2025-12-02T01:24:08.500+0000] {dag.py:3954} INFO - Setting next_dagrun for Airflow_Employee_Productivity to None, run_after=None
[2025-12-02T01:24:08.506+0000] {processor.py:183} INFO - Processing /opt/airflow/dags/airflow.py took 0.661 seconds
[2025-12-02T01:24:38.883+0000] {processor.py:161} INFO - Started process (PID=201) to work on /opt/airflow/dags/airflow.py
[2025-12-02T01:24:38.885+0000] {processor.py:830} INFO - Processing file /opt/airflow/dags/airflow.py for tasks to queue
[2025-12-02T01:24:38.888+0000] {logging_mixin.py:188} INFO - [2025-12-02T01:24:38.888+0000] {dagbag.py:545} INFO - Filling up the DagBag from /opt/airflow/dags/airflow.py
[2025-12-02T01:24:39.777+0000] {processor.py:840} INFO - DAG(s) 'Airflow_Employee_Productivity' retrieved from /opt/airflow/dags/airflow.py
[2025-12-02T01:24:39.793+0000] {logging_mixin.py:188} INFO - [2025-12-02T01:24:39.793+0000] {dag.py:3096} INFO - Sync 1 DAGs
[2025-12-02T01:24:39.798+0000] {logging_mixin.py:188} INFO - [2025-12-02T01:24:39.798+0000] {dag.py:3954} INFO - Setting next_dagrun for Airflow_Employee_Productivity to None, run_after=None
[2025-12-02T01:24:39.804+0000] {processor.py:183} INFO - Processing /opt/airflow/dags/airflow.py took 0.932 seconds
[2025-12-02T01:25:10.111+0000] {processor.py:161} INFO - Started process (PID=216) to work on /opt/airflow/dags/airflow.py
[2025-12-02T01:25:10.114+0000] {processor.py:830} INFO - Processing file /opt/airflow/dags/airflow.py for tasks to queue
[2025-12-02T01:25:10.118+0000] {logging_mixin.py:188} INFO - [2025-12-02T01:25:10.118+0000] {dagbag.py:545} INFO - Filling up the DagBag from /opt/airflow/dags/airflow.py
[2025-12-02T01:25:10.720+0000] {processor.py:840} INFO - DAG(s) 'Airflow_Employee_Productivity' retrieved from /opt/airflow/dags/airflow.py
[2025-12-02T01:25:10.743+0000] {logging_mixin.py:188} INFO - [2025-12-02T01:25:10.743+0000] {dag.py:3096} INFO - Sync 1 DAGs
[2025-12-02T01:25:10.749+0000] {logging_mixin.py:188} INFO - [2025-12-02T01:25:10.749+0000] {dag.py:3954} INFO - Setting next_dagrun for Airflow_Employee_Productivity to None, run_after=None
[2025-12-02T01:25:10.759+0000] {processor.py:183} INFO - Processing /opt/airflow/dags/airflow.py took 0.658 seconds
[2025-12-02T01:26:24.469+0000] {processor.py:161} INFO - Started process (PID=80) to work on /opt/airflow/dags/airflow.py
[2025-12-02T01:26:24.473+0000] {processor.py:830} INFO - Processing file /opt/airflow/dags/airflow.py for tasks to queue
[2025-12-02T01:26:24.475+0000] {logging_mixin.py:188} INFO - [2025-12-02T01:26:24.475+0000] {dagbag.py:545} INFO - Filling up the DagBag from /opt/airflow/dags/airflow.py
[2025-12-02T01:26:26.065+0000] {processor.py:840} INFO - DAG(s) 'Airflow_Employee_Productivity' retrieved from /opt/airflow/dags/airflow.py
[2025-12-02T01:26:26.202+0000] {logging_mixin.py:188} INFO - [2025-12-02T01:26:26.202+0000] {dag.py:3096} INFO - Sync 1 DAGs
[2025-12-02T01:26:26.207+0000] {logging_mixin.py:188} INFO - [2025-12-02T01:26:26.206+0000] {dag.py:3954} INFO - Setting next_dagrun for Airflow_Employee_Productivity to None, run_after=None
[2025-12-02T01:26:26.215+0000] {processor.py:183} INFO - Processing /opt/airflow/dags/airflow.py took 1.749 seconds
[2025-12-02T01:26:56.493+0000] {processor.py:161} INFO - Started process (PID=95) to work on /opt/airflow/dags/airflow.py
[2025-12-02T01:26:56.496+0000] {processor.py:830} INFO - Processing file /opt/airflow/dags/airflow.py for tasks to queue
[2025-12-02T01:26:56.497+0000] {logging_mixin.py:188} INFO - [2025-12-02T01:26:56.497+0000] {dagbag.py:545} INFO - Filling up the DagBag from /opt/airflow/dags/airflow.py
[2025-12-02T01:26:57.330+0000] {processor.py:840} INFO - DAG(s) 'Airflow_Employee_Productivity' retrieved from /opt/airflow/dags/airflow.py
[2025-12-02T01:26:57.350+0000] {logging_mixin.py:188} INFO - [2025-12-02T01:26:57.350+0000] {dag.py:3096} INFO - Sync 1 DAGs
[2025-12-02T01:26:57.362+0000] {logging_mixin.py:188} INFO - [2025-12-02T01:26:57.362+0000] {dag.py:3954} INFO - Setting next_dagrun for Airflow_Employee_Productivity to None, run_after=None
[2025-12-02T01:26:57.370+0000] {processor.py:183} INFO - Processing /opt/airflow/dags/airflow.py took 0.888 seconds
[2025-12-02T01:27:27.650+0000] {processor.py:161} INFO - Started process (PID=110) to work on /opt/airflow/dags/airflow.py
[2025-12-02T01:27:27.651+0000] {processor.py:830} INFO - Processing file /opt/airflow/dags/airflow.py for tasks to queue
[2025-12-02T01:27:27.653+0000] {logging_mixin.py:188} INFO - [2025-12-02T01:27:27.653+0000] {dagbag.py:545} INFO - Filling up the DagBag from /opt/airflow/dags/airflow.py
[2025-12-02T01:27:28.280+0000] {processor.py:840} INFO - DAG(s) 'Airflow_Employee_Productivity' retrieved from /opt/airflow/dags/airflow.py
[2025-12-02T01:27:28.291+0000] {logging_mixin.py:188} INFO - [2025-12-02T01:27:28.291+0000] {dag.py:3096} INFO - Sync 1 DAGs
[2025-12-02T01:27:28.296+0000] {logging_mixin.py:188} INFO - [2025-12-02T01:27:28.296+0000] {dag.py:3954} INFO - Setting next_dagrun for Airflow_Employee_Productivity to None, run_after=None
[2025-12-02T01:27:28.302+0000] {processor.py:183} INFO - Processing /opt/airflow/dags/airflow.py took 0.657 seconds
[2025-12-02T01:27:58.615+0000] {processor.py:161} INFO - Started process (PID=131) to work on /opt/airflow/dags/airflow.py
[2025-12-02T01:27:58.617+0000] {processor.py:830} INFO - Processing file /opt/airflow/dags/airflow.py for tasks to queue
[2025-12-02T01:27:58.620+0000] {logging_mixin.py:188} INFO - [2025-12-02T01:27:58.620+0000] {dagbag.py:545} INFO - Filling up the DagBag from /opt/airflow/dags/airflow.py
[2025-12-02T01:27:59.221+0000] {processor.py:840} INFO - DAG(s) 'Airflow_Employee_Productivity' retrieved from /opt/airflow/dags/airflow.py
[2025-12-02T01:27:59.233+0000] {logging_mixin.py:188} INFO - [2025-12-02T01:27:59.232+0000] {dag.py:3096} INFO - Sync 1 DAGs
[2025-12-02T01:27:59.237+0000] {logging_mixin.py:188} INFO - [2025-12-02T01:27:59.237+0000] {dag.py:3954} INFO - Setting next_dagrun for Airflow_Employee_Productivity to None, run_after=None
[2025-12-02T01:27:59.243+0000] {processor.py:183} INFO - Processing /opt/airflow/dags/airflow.py took 0.636 seconds
[2025-12-02T01:28:29.515+0000] {processor.py:161} INFO - Started process (PID=146) to work on /opt/airflow/dags/airflow.py
[2025-12-02T01:28:29.516+0000] {processor.py:830} INFO - Processing file /opt/airflow/dags/airflow.py for tasks to queue
[2025-12-02T01:28:29.517+0000] {logging_mixin.py:188} INFO - [2025-12-02T01:28:29.517+0000] {dagbag.py:545} INFO - Filling up the DagBag from /opt/airflow/dags/airflow.py
[2025-12-02T01:28:30.585+0000] {processor.py:840} INFO - DAG(s) 'Airflow_Employee_Productivity' retrieved from /opt/airflow/dags/airflow.py
[2025-12-02T01:28:30.613+0000] {logging_mixin.py:188} INFO - [2025-12-02T01:28:30.613+0000] {dag.py:3096} INFO - Sync 1 DAGs
[2025-12-02T01:28:30.625+0000] {logging_mixin.py:188} INFO - [2025-12-02T01:28:30.624+0000] {dag.py:3954} INFO - Setting next_dagrun for Airflow_Employee_Productivity to None, run_after=None
[2025-12-02T01:28:30.638+0000] {processor.py:183} INFO - Processing /opt/airflow/dags/airflow.py took 1.127 seconds
[2025-12-02T01:29:00.865+0000] {processor.py:161} INFO - Started process (PID=161) to work on /opt/airflow/dags/airflow.py
[2025-12-02T01:29:00.866+0000] {processor.py:830} INFO - Processing file /opt/airflow/dags/airflow.py for tasks to queue
[2025-12-02T01:29:00.868+0000] {logging_mixin.py:188} INFO - [2025-12-02T01:29:00.868+0000] {dagbag.py:545} INFO - Filling up the DagBag from /opt/airflow/dags/airflow.py
[2025-12-02T01:29:01.451+0000] {processor.py:840} INFO - DAG(s) 'Airflow_Employee_Productivity' retrieved from /opt/airflow/dags/airflow.py
[2025-12-02T01:29:01.464+0000] {logging_mixin.py:188} INFO - [2025-12-02T01:29:01.463+0000] {dag.py:3096} INFO - Sync 1 DAGs
[2025-12-02T01:29:01.468+0000] {logging_mixin.py:188} INFO - [2025-12-02T01:29:01.468+0000] {dag.py:3954} INFO - Setting next_dagrun for Airflow_Employee_Productivity to None, run_after=None
[2025-12-02T01:29:01.475+0000] {processor.py:183} INFO - Processing /opt/airflow/dags/airflow.py took 0.614 seconds
[2025-12-02T01:29:32.000+0000] {processor.py:161} INFO - Started process (PID=176) to work on /opt/airflow/dags/airflow.py
[2025-12-02T01:29:32.001+0000] {processor.py:830} INFO - Processing file /opt/airflow/dags/airflow.py for tasks to queue
[2025-12-02T01:29:32.003+0000] {logging_mixin.py:188} INFO - [2025-12-02T01:29:32.003+0000] {dagbag.py:545} INFO - Filling up the DagBag from /opt/airflow/dags/airflow.py
[2025-12-02T01:29:33.206+0000] {processor.py:840} INFO - DAG(s) 'Airflow_Employee_Productivity' retrieved from /opt/airflow/dags/airflow.py
[2025-12-02T01:29:33.248+0000] {logging_mixin.py:188} INFO - [2025-12-02T01:29:33.247+0000] {dag.py:3096} INFO - Sync 1 DAGs
[2025-12-02T01:29:33.283+0000] {logging_mixin.py:188} INFO - [2025-12-02T01:29:33.283+0000] {dag.py:3954} INFO - Setting next_dagrun for Airflow_Employee_Productivity to None, run_after=None
[2025-12-02T01:29:33.293+0000] {processor.py:183} INFO - Processing /opt/airflow/dags/airflow.py took 1.302 seconds
[2025-12-02T01:30:03.507+0000] {processor.py:161} INFO - Started process (PID=191) to work on /opt/airflow/dags/airflow.py
[2025-12-02T01:30:03.508+0000] {processor.py:830} INFO - Processing file /opt/airflow/dags/airflow.py for tasks to queue
[2025-12-02T01:30:03.511+0000] {logging_mixin.py:188} INFO - [2025-12-02T01:30:03.510+0000] {dagbag.py:545} INFO - Filling up the DagBag from /opt/airflow/dags/airflow.py
[2025-12-02T01:30:04.357+0000] {processor.py:840} INFO - DAG(s) 'Airflow_Employee_Productivity' retrieved from /opt/airflow/dags/airflow.py
[2025-12-02T01:30:04.376+0000] {logging_mixin.py:188} INFO - [2025-12-02T01:30:04.376+0000] {dag.py:3096} INFO - Sync 1 DAGs
[2025-12-02T01:30:04.383+0000] {logging_mixin.py:188} INFO - [2025-12-02T01:30:04.382+0000] {dag.py:3954} INFO - Setting next_dagrun for Airflow_Employee_Productivity to None, run_after=None
[2025-12-02T01:30:04.389+0000] {processor.py:183} INFO - Processing /opt/airflow/dags/airflow.py took 0.890 seconds
[2025-12-02T01:30:34.817+0000] {processor.py:161} INFO - Started process (PID=206) to work on /opt/airflow/dags/airflow.py
[2025-12-02T01:30:34.818+0000] {processor.py:830} INFO - Processing file /opt/airflow/dags/airflow.py for tasks to queue
[2025-12-02T01:30:34.820+0000] {logging_mixin.py:188} INFO - [2025-12-02T01:30:34.820+0000] {dagbag.py:545} INFO - Filling up the DagBag from /opt/airflow/dags/airflow.py
[2025-12-02T01:30:35.465+0000] {processor.py:840} INFO - DAG(s) 'Airflow_Employee_Productivity' retrieved from /opt/airflow/dags/airflow.py
[2025-12-02T01:30:35.480+0000] {logging_mixin.py:188} INFO - [2025-12-02T01:30:35.479+0000] {dag.py:3096} INFO - Sync 1 DAGs
[2025-12-02T01:30:35.485+0000] {logging_mixin.py:188} INFO - [2025-12-02T01:30:35.485+0000] {dag.py:3954} INFO - Setting next_dagrun for Airflow_Employee_Productivity to None, run_after=None
[2025-12-02T01:30:35.491+0000] {processor.py:183} INFO - Processing /opt/airflow/dags/airflow.py took 0.683 seconds
[2025-12-02T01:31:05.792+0000] {processor.py:161} INFO - Started process (PID=221) to work on /opt/airflow/dags/airflow.py
[2025-12-02T01:31:05.793+0000] {processor.py:830} INFO - Processing file /opt/airflow/dags/airflow.py for tasks to queue
[2025-12-02T01:31:05.796+0000] {logging_mixin.py:188} INFO - [2025-12-02T01:31:05.795+0000] {dagbag.py:545} INFO - Filling up the DagBag from /opt/airflow/dags/airflow.py
[2025-12-02T01:31:06.481+0000] {processor.py:840} INFO - DAG(s) 'Airflow_Employee_Productivity' retrieved from /opt/airflow/dags/airflow.py
[2025-12-02T01:31:06.493+0000] {logging_mixin.py:188} INFO - [2025-12-02T01:31:06.493+0000] {dag.py:3096} INFO - Sync 1 DAGs
[2025-12-02T01:31:06.497+0000] {logging_mixin.py:188} INFO - [2025-12-02T01:31:06.497+0000] {dag.py:3954} INFO - Setting next_dagrun for Airflow_Employee_Productivity to None, run_after=None
[2025-12-02T01:31:06.503+0000] {processor.py:183} INFO - Processing /opt/airflow/dags/airflow.py took 0.722 seconds
[2025-12-02T01:31:36.804+0000] {processor.py:161} INFO - Started process (PID=236) to work on /opt/airflow/dags/airflow.py
[2025-12-02T01:31:36.806+0000] {processor.py:830} INFO - Processing file /opt/airflow/dags/airflow.py for tasks to queue
[2025-12-02T01:31:36.819+0000] {logging_mixin.py:188} INFO - [2025-12-02T01:31:36.816+0000] {dagbag.py:545} INFO - Filling up the DagBag from /opt/airflow/dags/airflow.py
[2025-12-02T01:31:37.448+0000] {processor.py:840} INFO - DAG(s) 'Airflow_Employee_Productivity' retrieved from /opt/airflow/dags/airflow.py
[2025-12-02T01:31:37.463+0000] {logging_mixin.py:188} INFO - [2025-12-02T01:31:37.463+0000] {dag.py:3096} INFO - Sync 1 DAGs
[2025-12-02T01:31:37.467+0000] {logging_mixin.py:188} INFO - [2025-12-02T01:31:37.467+0000] {dag.py:3954} INFO - Setting next_dagrun for Airflow_Employee_Productivity to None, run_after=None
[2025-12-02T01:31:37.473+0000] {processor.py:183} INFO - Processing /opt/airflow/dags/airflow.py took 0.679 seconds
[2025-12-02T01:32:07.516+0000] {processor.py:161} INFO - Started process (PID=251) to work on /opt/airflow/dags/airflow.py
[2025-12-02T01:32:07.517+0000] {processor.py:830} INFO - Processing file /opt/airflow/dags/airflow.py for tasks to queue
[2025-12-02T01:32:07.520+0000] {logging_mixin.py:188} INFO - [2025-12-02T01:32:07.520+0000] {dagbag.py:545} INFO - Filling up the DagBag from /opt/airflow/dags/airflow.py
[2025-12-02T01:32:08.130+0000] {processor.py:840} INFO - DAG(s) 'Airflow_Employee_Productivity' retrieved from /opt/airflow/dags/airflow.py
[2025-12-02T01:32:08.146+0000] {logging_mixin.py:188} INFO - [2025-12-02T01:32:08.145+0000] {dag.py:3096} INFO - Sync 1 DAGs
[2025-12-02T01:32:08.149+0000] {logging_mixin.py:188} INFO - [2025-12-02T01:32:08.149+0000] {dag.py:3954} INFO - Setting next_dagrun for Airflow_Employee_Productivity to None, run_after=None
[2025-12-02T01:32:08.154+0000] {processor.py:183} INFO - Processing /opt/airflow/dags/airflow.py took 0.645 seconds
[2025-12-02T01:32:38.483+0000] {processor.py:161} INFO - Started process (PID=266) to work on /opt/airflow/dags/airflow.py
[2025-12-02T01:32:38.484+0000] {processor.py:830} INFO - Processing file /opt/airflow/dags/airflow.py for tasks to queue
[2025-12-02T01:32:38.488+0000] {logging_mixin.py:188} INFO - [2025-12-02T01:32:38.486+0000] {dagbag.py:545} INFO - Filling up the DagBag from /opt/airflow/dags/airflow.py
[2025-12-02T01:32:39.168+0000] {processor.py:840} INFO - DAG(s) 'Airflow_Employee_Productivity' retrieved from /opt/airflow/dags/airflow.py
[2025-12-02T01:32:39.223+0000] {logging_mixin.py:188} INFO - [2025-12-02T01:32:39.222+0000] {dag.py:3096} INFO - Sync 1 DAGs
[2025-12-02T01:32:39.240+0000] {logging_mixin.py:188} INFO - [2025-12-02T01:32:39.240+0000] {dag.py:3954} INFO - Setting next_dagrun for Airflow_Employee_Productivity to None, run_after=None
[2025-12-02T01:32:39.246+0000] {processor.py:183} INFO - Processing /opt/airflow/dags/airflow.py took 0.776 seconds
[2025-12-02T01:33:09.295+0000] {processor.py:161} INFO - Started process (PID=281) to work on /opt/airflow/dags/airflow.py
[2025-12-02T01:33:09.298+0000] {processor.py:830} INFO - Processing file /opt/airflow/dags/airflow.py for tasks to queue
[2025-12-02T01:33:09.307+0000] {logging_mixin.py:188} INFO - [2025-12-02T01:33:09.306+0000] {dagbag.py:545} INFO - Filling up the DagBag from /opt/airflow/dags/airflow.py
[2025-12-02T01:33:10.020+0000] {processor.py:840} INFO - DAG(s) 'Airflow_Employee_Productivity' retrieved from /opt/airflow/dags/airflow.py
[2025-12-02T01:33:10.040+0000] {logging_mixin.py:188} INFO - [2025-12-02T01:33:10.039+0000] {dag.py:3096} INFO - Sync 1 DAGs
[2025-12-02T01:33:10.043+0000] {logging_mixin.py:188} INFO - [2025-12-02T01:33:10.043+0000] {dag.py:3954} INFO - Setting next_dagrun for Airflow_Employee_Productivity to None, run_after=None
[2025-12-02T01:33:10.049+0000] {processor.py:183} INFO - Processing /opt/airflow/dags/airflow.py took 0.763 seconds
[2025-12-02T01:33:40.416+0000] {processor.py:161} INFO - Started process (PID=296) to work on /opt/airflow/dags/airflow.py
[2025-12-02T01:33:40.419+0000] {processor.py:830} INFO - Processing file /opt/airflow/dags/airflow.py for tasks to queue
[2025-12-02T01:33:40.421+0000] {logging_mixin.py:188} INFO - [2025-12-02T01:33:40.420+0000] {dagbag.py:545} INFO - Filling up the DagBag from /opt/airflow/dags/airflow.py
[2025-12-02T01:33:41.027+0000] {processor.py:840} INFO - DAG(s) 'Airflow_Employee_Productivity' retrieved from /opt/airflow/dags/airflow.py
[2025-12-02T01:33:41.037+0000] {logging_mixin.py:188} INFO - [2025-12-02T01:33:41.037+0000] {dag.py:3096} INFO - Sync 1 DAGs
[2025-12-02T01:33:41.041+0000] {logging_mixin.py:188} INFO - [2025-12-02T01:33:41.041+0000] {dag.py:3954} INFO - Setting next_dagrun for Airflow_Employee_Productivity to None, run_after=None
[2025-12-02T01:33:41.046+0000] {processor.py:183} INFO - Processing /opt/airflow/dags/airflow.py took 0.644 seconds
[2025-12-02T01:34:11.115+0000] {processor.py:161} INFO - Started process (PID=311) to work on /opt/airflow/dags/airflow.py
[2025-12-02T01:34:11.116+0000] {processor.py:830} INFO - Processing file /opt/airflow/dags/airflow.py for tasks to queue
[2025-12-02T01:34:11.118+0000] {logging_mixin.py:188} INFO - [2025-12-02T01:34:11.118+0000] {dagbag.py:545} INFO - Filling up the DagBag from /opt/airflow/dags/airflow.py
[2025-12-02T01:34:11.713+0000] {processor.py:840} INFO - DAG(s) 'Airflow_Employee_Productivity' retrieved from /opt/airflow/dags/airflow.py
[2025-12-02T01:34:11.724+0000] {logging_mixin.py:188} INFO - [2025-12-02T01:34:11.724+0000] {dag.py:3096} INFO - Sync 1 DAGs
[2025-12-02T01:34:11.728+0000] {logging_mixin.py:188} INFO - [2025-12-02T01:34:11.728+0000] {dag.py:3954} INFO - Setting next_dagrun for Airflow_Employee_Productivity to None, run_after=None
[2025-12-02T01:34:11.734+0000] {processor.py:183} INFO - Processing /opt/airflow/dags/airflow.py took 0.624 seconds
[2025-12-02T01:34:42.054+0000] {processor.py:161} INFO - Started process (PID=326) to work on /opt/airflow/dags/airflow.py
[2025-12-02T01:34:42.057+0000] {processor.py:830} INFO - Processing file /opt/airflow/dags/airflow.py for tasks to queue
[2025-12-02T01:34:42.060+0000] {logging_mixin.py:188} INFO - [2025-12-02T01:34:42.060+0000] {dagbag.py:545} INFO - Filling up the DagBag from /opt/airflow/dags/airflow.py
[2025-12-02T01:34:42.755+0000] {processor.py:840} INFO - DAG(s) 'Airflow_Employee_Productivity' retrieved from /opt/airflow/dags/airflow.py
[2025-12-02T01:34:42.774+0000] {logging_mixin.py:188} INFO - [2025-12-02T01:34:42.774+0000] {dag.py:3096} INFO - Sync 1 DAGs
[2025-12-02T01:34:42.779+0000] {logging_mixin.py:188} INFO - [2025-12-02T01:34:42.779+0000] {dag.py:3954} INFO - Setting next_dagrun for Airflow_Employee_Productivity to None, run_after=None
[2025-12-02T01:34:42.786+0000] {processor.py:183} INFO - Processing /opt/airflow/dags/airflow.py took 0.750 seconds
[2025-12-02T01:35:12.906+0000] {processor.py:161} INFO - Started process (PID=341) to work on /opt/airflow/dags/airflow.py
[2025-12-02T01:35:12.909+0000] {processor.py:830} INFO - Processing file /opt/airflow/dags/airflow.py for tasks to queue
[2025-12-02T01:35:12.915+0000] {logging_mixin.py:188} INFO - [2025-12-02T01:35:12.913+0000] {dagbag.py:545} INFO - Filling up the DagBag from /opt/airflow/dags/airflow.py
[2025-12-02T01:35:13.592+0000] {processor.py:840} INFO - DAG(s) 'Airflow_Employee_Productivity' retrieved from /opt/airflow/dags/airflow.py
[2025-12-02T01:35:13.616+0000] {logging_mixin.py:188} INFO - [2025-12-02T01:35:13.616+0000] {dag.py:3096} INFO - Sync 1 DAGs
[2025-12-02T01:35:13.621+0000] {logging_mixin.py:188} INFO - [2025-12-02T01:35:13.620+0000] {dag.py:3954} INFO - Setting next_dagrun for Airflow_Employee_Productivity to None, run_after=None
[2025-12-02T01:35:13.627+0000] {processor.py:183} INFO - Processing /opt/airflow/dags/airflow.py took 0.735 seconds
