[2025-12-02T01:27:26.514+0000] {local_task_job_runner.py:120} INFO - ::group::Pre task execution logs
[2025-12-02T01:27:26.526+0000] {taskinstance.py:2076} INFO - Dependencies all met for dep_context=non-requeueable deps ti=<TaskInstance: Airflow_Employee_Productivity.load_model_task manual__2025-12-02T01:27:20.528073+00:00 [queued]>
[2025-12-02T01:27:26.529+0000] {taskinstance.py:2076} INFO - Dependencies all met for dep_context=requeueable deps ti=<TaskInstance: Airflow_Employee_Productivity.load_model_task manual__2025-12-02T01:27:20.528073+00:00 [queued]>
[2025-12-02T01:27:26.529+0000] {taskinstance.py:2306} INFO - Starting attempt 1 of 1
[2025-12-02T01:27:26.534+0000] {taskinstance.py:2330} INFO - Executing <Task(PythonOperator): load_model_task> on 2025-12-02 01:27:20.528073+00:00
[2025-12-02T01:27:26.546+0000] {warnings.py:112} WARNING - /home/***/.local/lib/python3.12/site-packages/***/task/task_runner/standard_task_runner.py:61: DeprecationWarning: This process (pid=153) is multi-threaded, use of fork() may lead to deadlocks in the child.
  pid = os.fork()

[2025-12-02T01:27:26.552+0000] {standard_task_runner.py:63} INFO - Started process 162 to run task
[2025-12-02T01:27:26.547+0000] {standard_task_runner.py:90} INFO - Running: ['***', 'tasks', 'run', 'Airflow_Employee_Productivity', 'load_model_task', 'manual__2025-12-02T01:27:20.528073+00:00', '--job-id', '30', '--raw', '--subdir', 'DAGS_FOLDER/***.py', '--cfg-path', '/tmp/tmpogtj37nu']
[2025-12-02T01:27:26.554+0000] {standard_task_runner.py:91} INFO - Job 30: Subtask load_model_task
[2025-12-02T01:27:26.629+0000] {task_command.py:426} INFO - Running <TaskInstance: Airflow_Employee_Productivity.load_model_task manual__2025-12-02T01:27:20.528073+00:00 [running]> on host de4ea660e093
[2025-12-02T01:27:26.724+0000] {taskinstance.py:2648} INFO - Exporting env vars: AIRFLOW_CTX_DAG_OWNER='Nishchay Linge Gowda' AIRFLOW_CTX_DAG_ID='Airflow_Employee_Productivity' AIRFLOW_CTX_TASK_ID='load_model_task' AIRFLOW_CTX_EXECUTION_DATE='2025-12-02T01:27:20.528073+00:00' AIRFLOW_CTX_TRY_NUMBER='1' AIRFLOW_CTX_DAG_RUN_ID='manual__2025-12-02T01:27:20.528073+00:00'
[2025-12-02T01:27:26.726+0000] {taskinstance.py:430} INFO - ::endgroup::
[2025-12-02T01:27:26.765+0000] {logging_mixin.py:188} INFO - Optimal K = 3
[2025-12-02T01:27:26.812+0000] {warnings.py:112} WARNING - /home/***/.local/lib/python3.12/site-packages/sklearn/utils/validation.py:2742: UserWarning: X has feature names, but KMeans was fitted without feature names
  warnings.warn(

[2025-12-02T01:27:26.927+0000] {python.py:237} INFO - Done. Returned value was: 4
[2025-12-02T01:27:26.928+0000] {taskinstance.py:441} INFO - ::group::Post task execution logs
[2025-12-02T01:27:26.945+0000] {taskinstance.py:1206} INFO - Marking task as SUCCESS. dag_id=Airflow_Employee_Productivity, task_id=load_model_task, run_id=manual__2025-12-02T01:27:20.528073+00:00, execution_date=20251202T012720, start_date=20251202T012726, end_date=20251202T012726
[2025-12-02T01:27:26.990+0000] {local_task_job_runner.py:240} INFO - Task exited with return code 0
[2025-12-02T01:27:26.999+0000] {taskinstance.py:3503} INFO - 0 downstream tasks scheduled from follow-on schedule check
[2025-12-02T01:27:26.999+0000] {local_task_job_runner.py:222} INFO - ::endgroup::
