[2025-12-02T00:50:44.429+0000] {manager.py:470} INFO - Processing files using up to 2 processes at a time 
[2025-12-02T00:50:44.435+0000] {manager.py:471} INFO - Process each file at most once every 30 seconds
[2025-12-02T00:50:44.436+0000] {manager.py:472} INFO - Checking for new files in /opt/airflow/dags every 300 seconds
[2025-12-02T00:50:44.440+0000] {manager.py:737} INFO - Searching for files in /opt/airflow/dags
[2025-12-02T00:50:44.509+0000] {manager.py:740} INFO - There are 1 files in /opt/airflow/dags
[2025-12-02T00:50:44.771+0000] {manager.py:878} INFO - 
================================================================================
DAG File Processing Stats

File Path                       PID  Runtime      # DAGs    # Errors  Last Runtime    Last Run
----------------------------  -----  ---------  --------  ----------  --------------  ----------
/opt/airflow/dags/airflow.py     66  0.16s             0           0
================================================================================
[2025-12-02T00:51:15.421+0000] {manager.py:878} INFO - 
================================================================================
DAG File Processing Stats

File Path                       PID  Runtime      # DAGs    # Errors  Last Runtime    Last Run
----------------------------  -----  ---------  --------  ----------  --------------  -------------------
/opt/airflow/dags/airflow.py     73  0.04s             0           1  0.23s           2025-12-02T00:50:44
================================================================================
[2025-12-02T00:51:46.046+0000] {manager.py:878} INFO - 
================================================================================
DAG File Processing Stats

File Path                       PID  Runtime      # DAGs    # Errors  Last Runtime    Last Run
----------------------------  -----  ---------  --------  ----------  --------------  -------------------
/opt/airflow/dags/airflow.py     80  0.01s             0           1  0.08s           2025-12-02T00:51:15
================================================================================
[2025-12-02T00:52:17.054+0000] {manager.py:878} INFO - 
================================================================================
DAG File Processing Stats

File Path                       PID  Runtime      # DAGs    # Errors  Last Runtime    Last Run
----------------------------  -----  ---------  --------  ----------  --------------  -------------------
/opt/airflow/dags/airflow.py     87  0.28s             0           1  0.08s           2025-12-02T00:51:46
================================================================================
[2025-12-02T00:52:47.670+0000] {manager.py:878} INFO - 
================================================================================
DAG File Processing Stats

File Path                       PID  Runtime      # DAGs    # Errors  Last Runtime    Last Run
----------------------------  -----  ---------  --------  ----------  --------------  -------------------
/opt/airflow/dags/airflow.py     94  0.01s             0           1  0.54s           2025-12-02T00:52:17
================================================================================
[2025-12-02T00:53:56.668+0000] {manager.py:878} INFO - 
================================================================================
DAG File Processing Stats

File Path                       PID  Runtime      # DAGs    # Errors  Last Runtime    Last Run
----------------------------  -----  ---------  --------  ----------  --------------  -------------------
/opt/airflow/dags/airflow.py    107  0.16s             0           1  0.05s           2025-12-02T00:52:47
================================================================================
[2025-12-02T00:54:26.978+0000] {manager.py:878} INFO - 
================================================================================
DAG File Processing Stats

File Path                     PID    Runtime      # DAGs    # Errors  Last Runtime    Last Run
----------------------------  -----  ---------  --------  ----------  --------------  -------------------
/opt/airflow/dags/airflow.py                           0           1  0.27s           2025-12-02T00:54:01
================================================================================
[2025-12-02T00:54:57.921+0000] {manager.py:878} INFO - 
================================================================================
DAG File Processing Stats

File Path                     PID    Runtime      # DAGs    # Errors  Last Runtime    Last Run
----------------------------  -----  ---------  --------  ----------  --------------  -------------------
/opt/airflow/dags/airflow.py                           0           1  1.09s           2025-12-02T00:54:34
================================================================================
[2025-12-02T00:55:28.237+0000] {manager.py:878} INFO - 
================================================================================
DAG File Processing Stats

File Path                     PID    Runtime      # DAGs    # Errors  Last Runtime    Last Run
----------------------------  -----  ---------  --------  ----------  --------------  -------------------
/opt/airflow/dags/airflow.py                           0           1  0.09s           2025-12-02T00:55:05
================================================================================
[2025-12-02T00:55:45.398+0000] {manager.py:737} INFO - Searching for files in /opt/airflow/dags
[2025-12-02T00:55:45.415+0000] {manager.py:740} INFO - There are 1 files in /opt/airflow/dags
[2025-12-02T00:55:58.564+0000] {manager.py:878} INFO - 
================================================================================
DAG File Processing Stats

File Path                     PID    Runtime      # DAGs    # Errors  Last Runtime    Last Run
----------------------------  -----  ---------  --------  ----------  --------------  -------------------
/opt/airflow/dags/airflow.py                           0           1  0.07s           2025-12-02T00:55:35
================================================================================
[2025-12-02T00:56:17.556+0000] {manager.py:452} INFO - Exiting gracefully upon receiving signal 15
[2025-12-02T00:57:18.556+0000] {manager.py:470} INFO - Processing files using up to 2 processes at a time 
[2025-12-02T00:57:18.558+0000] {manager.py:471} INFO - Process each file at most once every 30 seconds
[2025-12-02T00:57:18.562+0000] {manager.py:472} INFO - Checking for new files in /opt/airflow/dags every 300 seconds
[2025-12-02T00:57:18.563+0000] {manager.py:737} INFO - Searching for files in /opt/airflow/dags
[2025-12-02T00:57:18.575+0000] {manager.py:740} INFO - There are 1 files in /opt/airflow/dags
[2025-12-02T00:57:18.657+0000] {manager.py:878} INFO - 
================================================================================
DAG File Processing Stats

File Path                       PID  Runtime      # DAGs    # Errors  Last Runtime    Last Run
----------------------------  -----  ---------  --------  ----------  --------------  ----------
/opt/airflow/dags/airflow.py     43  0.04s             0           0
================================================================================
[2025-12-02T00:57:48.866+0000] {manager.py:878} INFO - 
================================================================================
DAG File Processing Stats

File Path                       PID  Runtime      # DAGs    # Errors  Last Runtime    Last Run
----------------------------  -----  ---------  --------  ----------  --------------  -------------------
/opt/airflow/dags/airflow.py     50  0.02s             0           1  0.06s           2025-12-02T00:57:18
================================================================================
[2025-12-02T00:58:19.225+0000] {manager.py:878} INFO - 
================================================================================
DAG File Processing Stats

File Path                       PID  Runtime      # DAGs    # Errors  Last Runtime    Last Run
----------------------------  -----  ---------  --------  ----------  --------------  -------------------
/opt/airflow/dags/airflow.py     57  0.02s             0           1  0.06s           2025-12-02T00:57:48
================================================================================
[2025-12-02T00:58:49.560+0000] {manager.py:878} INFO - 
================================================================================
DAG File Processing Stats

File Path                       PID  Runtime      # DAGs    # Errors  Last Runtime    Last Run
----------------------------  -----  ---------  --------  ----------  --------------  -------------------
/opt/airflow/dags/airflow.py     64  0.00s             0           1  0.10s           2025-12-02T00:58:19
================================================================================
[2025-12-02T00:59:19.888+0000] {manager.py:878} INFO - 
================================================================================
DAG File Processing Stats

File Path                       PID  Runtime      # DAGs    # Errors  Last Runtime    Last Run
----------------------------  -----  ---------  --------  ----------  --------------  -------------------
/opt/airflow/dags/airflow.py     71  0.01s             0           1  0.04s           2025-12-02T00:58:49
================================================================================
[2025-12-02T00:59:50.547+0000] {manager.py:878} INFO - 
================================================================================
DAG File Processing Stats

File Path                       PID  Runtime      # DAGs    # Errors  Last Runtime    Last Run
----------------------------  -----  ---------  --------  ----------  --------------  -------------------
/opt/airflow/dags/airflow.py     78  0.04s             0           1  0.05s           2025-12-02T00:59:19
================================================================================
[2025-12-02T01:00:20.860+0000] {manager.py:878} INFO - 
================================================================================
DAG File Processing Stats

File Path                       PID  Runtime      # DAGs    # Errors  Last Runtime    Last Run
----------------------------  -----  ---------  --------  ----------  --------------  -------------------
/opt/airflow/dags/airflow.py     85  0.01s             0           1  0.08s           2025-12-02T00:59:50
================================================================================
[2025-12-02T01:00:51.285+0000] {manager.py:878} INFO - 
================================================================================
DAG File Processing Stats

File Path                       PID  Runtime      # DAGs    # Errors  Last Runtime    Last Run
----------------------------  -----  ---------  --------  ----------  --------------  -------------------
/opt/airflow/dags/airflow.py     92  0.01s             0           1  0.06s           2025-12-02T01:00:20
================================================================================
[2025-12-02T01:01:18.733+0000] {manager.py:452} INFO - Exiting gracefully upon receiving signal 15
[2025-12-02T01:01:55.987+0000] {manager.py:470} INFO - Processing files using up to 2 processes at a time 
[2025-12-02T01:01:55.988+0000] {manager.py:471} INFO - Process each file at most once every 30 seconds
[2025-12-02T01:01:55.989+0000] {manager.py:472} INFO - Checking for new files in /opt/airflow/dags every 300 seconds
[2025-12-02T01:01:55.990+0000] {manager.py:737} INFO - Searching for files in /opt/airflow/dags
[2025-12-02T01:01:56.008+0000] {manager.py:740} INFO - There are 1 files in /opt/airflow/dags
[2025-12-02T01:01:56.106+0000] {manager.py:878} INFO - 
================================================================================
DAG File Processing Stats

File Path                       PID  Runtime      # DAGs    # Errors  Last Runtime    Last Run
----------------------------  -----  ---------  --------  ----------  --------------  ----------
/opt/airflow/dags/airflow.py     43  0.05s             0           0
================================================================================
[2025-12-02T01:02:26.288+0000] {manager.py:878} INFO - 
================================================================================
DAG File Processing Stats

File Path                     PID    Runtime      # DAGs    # Errors  Last Runtime    Last Run
----------------------------  -----  ---------  --------  ----------  --------------  -------------------
/opt/airflow/dags/airflow.py                           0           1  1.03s           2025-12-02T01:01:57
================================================================================
[2025-12-02T01:02:56.583+0000] {manager.py:878} INFO - 
================================================================================
DAG File Processing Stats

File Path                     PID    Runtime      # DAGs    # Errors  Last Runtime    Last Run
----------------------------  -----  ---------  --------  ----------  --------------  -------------------
/opt/airflow/dags/airflow.py                           0           1  0.26s           2025-12-02T01:02:27
================================================================================
[2025-12-02T01:03:27.140+0000] {manager.py:878} INFO - 
================================================================================
DAG File Processing Stats

File Path                     PID    Runtime      # DAGs    # Errors  Last Runtime    Last Run
----------------------------  -----  ---------  --------  ----------  --------------  -------------------
/opt/airflow/dags/airflow.py                           0           1  0.37s           2025-12-02T01:02:57
================================================================================
[2025-12-02T01:03:57.600+0000] {manager.py:878} INFO - 
================================================================================
DAG File Processing Stats

File Path                     PID    Runtime      # DAGs    # Errors  Last Runtime    Last Run
----------------------------  -----  ---------  --------  ----------  --------------  -------------------
/opt/airflow/dags/airflow.py                           0           1  0.54s           2025-12-02T01:03:28
================================================================================
[2025-12-02T01:04:28.370+0000] {manager.py:878} INFO - 
================================================================================
DAG File Processing Stats

File Path                     PID    Runtime      # DAGs    # Errors  Last Runtime    Last Run
----------------------------  -----  ---------  --------  ----------  --------------  -------------------
/opt/airflow/dags/airflow.py                           0           1  1.48s           2025-12-02T01:04:00
================================================================================
[2025-12-02T01:04:59.342+0000] {manager.py:878} INFO - 
================================================================================
DAG File Processing Stats

File Path                     PID    Runtime      # DAGs    # Errors  Last Runtime    Last Run
----------------------------  -----  ---------  --------  ----------  --------------  -------------------
/opt/airflow/dags/airflow.py                           0           1  0.76s           2025-12-02T01:04:31
================================================================================
[2025-12-02T01:05:01.196+0000] {manager.py:452} INFO - Exiting gracefully upon receiving signal 15
[2025-12-02T01:05:51.888+0000] {manager.py:470} INFO - Processing files using up to 2 processes at a time 
[2025-12-02T01:05:51.889+0000] {manager.py:471} INFO - Process each file at most once every 30 seconds
[2025-12-02T01:05:51.892+0000] {manager.py:472} INFO - Checking for new files in /opt/airflow/dags every 300 seconds
[2025-12-02T01:05:51.896+0000] {manager.py:737} INFO - Searching for files in /opt/airflow/dags
[2025-12-02T01:05:51.911+0000] {manager.py:740} INFO - There are 1 files in /opt/airflow/dags
[2025-12-02T01:05:52.082+0000] {manager.py:878} INFO - 
================================================================================
DAG File Processing Stats

File Path                       PID  Runtime      # DAGs    # Errors  Last Runtime    Last Run
----------------------------  -----  ---------  --------  ----------  --------------  ----------
/opt/airflow/dags/airflow.py     79  0.10s             0           0
================================================================================
[2025-12-02T01:06:22.276+0000] {manager.py:878} INFO - 
================================================================================
DAG File Processing Stats

File Path                     PID    Runtime      # DAGs    # Errors  Last Runtime    Last Run
----------------------------  -----  ---------  --------  ----------  --------------  -------------------
/opt/airflow/dags/airflow.py                           1           0  2.46s           2025-12-02T01:05:54
================================================================================
[2025-12-02T01:06:52.609+0000] {manager.py:878} INFO - 
================================================================================
DAG File Processing Stats

File Path                     PID    Runtime      # DAGs    # Errors  Last Runtime    Last Run
----------------------------  -----  ---------  --------  ----------  --------------  -------------------
/opt/airflow/dags/airflow.py                           1           0  0.89s           2025-12-02T01:06:25
================================================================================
[2025-12-02T01:07:23.022+0000] {manager.py:878} INFO - 
================================================================================
DAG File Processing Stats

File Path                     PID    Runtime      # DAGs    # Errors  Last Runtime    Last Run
----------------------------  -----  ---------  --------  ----------  --------------  -------------------
/opt/airflow/dags/airflow.py                           1           0  1.57s           2025-12-02T01:06:57
================================================================================
[2025-12-02T01:07:53.286+0000] {manager.py:878} INFO - 
================================================================================
DAG File Processing Stats

File Path                     PID    Runtime      # DAGs    # Errors  Last Runtime    Last Run
----------------------------  -----  ---------  --------  ----------  --------------  -------------------
/opt/airflow/dags/airflow.py                           1           0  0.93s           2025-12-02T01:07:28
================================================================================
[2025-12-02T01:08:23.659+0000] {manager.py:878} INFO - 
================================================================================
DAG File Processing Stats

File Path                     PID    Runtime      # DAGs    # Errors  Last Runtime    Last Run
----------------------------  -----  ---------  --------  ----------  --------------  -------------------
/opt/airflow/dags/airflow.py                           1           0  0.78s           2025-12-02T01:07:59
================================================================================
[2025-12-02T01:08:54.132+0000] {manager.py:878} INFO - 
================================================================================
DAG File Processing Stats

File Path                     PID    Runtime      # DAGs    # Errors  Last Runtime    Last Run
----------------------------  -----  ---------  --------  ----------  --------------  -------------------
/opt/airflow/dags/airflow.py                           1           0  1.74s           2025-12-02T01:08:31
================================================================================
[2025-12-02T01:09:24.376+0000] {manager.py:878} INFO - 
================================================================================
DAG File Processing Stats

File Path                     PID    Runtime      # DAGs    # Errors  Last Runtime    Last Run
----------------------------  -----  ---------  --------  ----------  --------------  -------------------
/opt/airflow/dags/airflow.py                           1           0  0.75s           2025-12-02T01:09:02
================================================================================
[2025-12-02T01:09:54.683+0000] {manager.py:878} INFO - 
================================================================================
DAG File Processing Stats

File Path                     PID    Runtime      # DAGs    # Errors  Last Runtime    Last Run
----------------------------  -----  ---------  --------  ----------  --------------  -------------------
/opt/airflow/dags/airflow.py                           1           0  1.03s           2025-12-02T01:09:33
================================================================================
[2025-12-02T01:10:24.767+0000] {manager.py:878} INFO - 
================================================================================
DAG File Processing Stats

File Path                     PID    Runtime      # DAGs    # Errors  Last Runtime    Last Run
----------------------------  -----  ---------  --------  ----------  --------------  -------------------
/opt/airflow/dags/airflow.py                           1           0  0.79s           2025-12-02T01:10:04
================================================================================
[2025-12-02T01:10:52.183+0000] {manager.py:737} INFO - Searching for files in /opt/airflow/dags
[2025-12-02T01:10:52.201+0000] {manager.py:740} INFO - There are 1 files in /opt/airflow/dags
[2025-12-02T01:10:54.845+0000] {manager.py:878} INFO - 
================================================================================
DAG File Processing Stats

File Path                     PID    Runtime      # DAGs    # Errors  Last Runtime    Last Run
----------------------------  -----  ---------  --------  ----------  --------------  -------------------
/opt/airflow/dags/airflow.py                           1           0  0.75s           2025-12-02T01:10:35
================================================================================
[2025-12-02T01:11:25.442+0000] {manager.py:878} INFO - 
================================================================================
DAG File Processing Stats

File Path                     PID    Runtime      # DAGs    # Errors  Last Runtime    Last Run
----------------------------  -----  ---------  --------  ----------  --------------  -------------------
/opt/airflow/dags/airflow.py                           1           0  0.72s           2025-12-02T01:11:06
================================================================================
[2025-12-02T01:11:55.910+0000] {manager.py:878} INFO - 
================================================================================
DAG File Processing Stats

File Path                     PID    Runtime      # DAGs    # Errors  Last Runtime    Last Run
----------------------------  -----  ---------  --------  ----------  --------------  -------------------
/opt/airflow/dags/airflow.py                           1           0  0.79s           2025-12-02T01:11:37
================================================================================
[2025-12-02T01:12:25.965+0000] {manager.py:878} INFO - 
================================================================================
DAG File Processing Stats

File Path                     PID    Runtime      # DAGs    # Errors  Last Runtime    Last Run
----------------------------  -----  ---------  --------  ----------  --------------  -------------------
/opt/airflow/dags/airflow.py                           1           0  0.73s           2025-12-02T01:12:08
================================================================================
[2025-12-02T01:12:56.074+0000] {manager.py:878} INFO - 
================================================================================
DAG File Processing Stats

File Path                     PID    Runtime      # DAGs    # Errors  Last Runtime    Last Run
----------------------------  -----  ---------  --------  ----------  --------------  -------------------
/opt/airflow/dags/airflow.py                           1           0  0.76s           2025-12-02T01:12:39
================================================================================
[2025-12-02T01:13:07.442+0000] {manager.py:452} INFO - Exiting gracefully upon receiving signal 15
[2025-12-02T01:13:56.686+0000] {manager.py:470} INFO - Processing files using up to 2 processes at a time 
[2025-12-02T01:13:56.687+0000] {manager.py:471} INFO - Process each file at most once every 30 seconds
[2025-12-02T01:13:56.688+0000] {manager.py:472} INFO - Checking for new files in /opt/airflow/dags every 300 seconds
[2025-12-02T01:13:56.689+0000] {manager.py:737} INFO - Searching for files in /opt/airflow/dags
[2025-12-02T01:13:56.699+0000] {manager.py:740} INFO - There are 1 files in /opt/airflow/dags
[2025-12-02T01:13:56.848+0000] {manager.py:878} INFO - 
================================================================================
DAG File Processing Stats

File Path                       PID  Runtime      # DAGs    # Errors  Last Runtime    Last Run
----------------------------  -----  ---------  --------  ----------  --------------  ----------
/opt/airflow/dags/airflow.py     81  0.06s             0           0
================================================================================
[2025-12-02T01:14:27.047+0000] {manager.py:878} INFO - 
================================================================================
DAG File Processing Stats

File Path                     PID    Runtime      # DAGs    # Errors  Last Runtime    Last Run
----------------------------  -----  ---------  --------  ----------  --------------  -------------------
/opt/airflow/dags/airflow.py                           1           0  2.86s           2025-12-02T01:13:59
================================================================================
[2025-12-02T01:14:57.238+0000] {manager.py:878} INFO - 
================================================================================
DAG File Processing Stats

File Path                     PID    Runtime      # DAGs    # Errors  Last Runtime    Last Run
----------------------------  -----  ---------  --------  ----------  --------------  -------------------
/opt/airflow/dags/airflow.py                           1           0  1.07s           2025-12-02T01:14:30
================================================================================
[2025-12-02T01:15:27.518+0000] {manager.py:878} INFO - 
================================================================================
DAG File Processing Stats

File Path                     PID    Runtime      # DAGs    # Errors  Last Runtime    Last Run
----------------------------  -----  ---------  --------  ----------  --------------  -------------------
/opt/airflow/dags/airflow.py                           1           0  1.35s           2025-12-02T01:15:02
================================================================================
[2025-12-02T01:15:57.789+0000] {manager.py:878} INFO - 
================================================================================
DAG File Processing Stats

File Path                     PID    Runtime      # DAGs    # Errors  Last Runtime    Last Run
----------------------------  -----  ---------  --------  ----------  --------------  -------------------
/opt/airflow/dags/airflow.py                           1           0  1.57s           2025-12-02T01:15:34
================================================================================
[2025-12-02T01:16:28.046+0000] {manager.py:878} INFO - 
================================================================================
DAG File Processing Stats

File Path                     PID    Runtime      # DAGs    # Errors  Last Runtime    Last Run
----------------------------  -----  ---------  --------  ----------  --------------  -------------------
/opt/airflow/dags/airflow.py                           1           0  1.94s           2025-12-02T01:16:06
================================================================================
[2025-12-02T01:16:58.504+0000] {manager.py:878} INFO - 
================================================================================
DAG File Processing Stats

File Path                     PID    Runtime      # DAGs    # Errors  Last Runtime    Last Run
----------------------------  -----  ---------  --------  ----------  --------------  -------------------
/opt/airflow/dags/airflow.py                           1           0  1.02s           2025-12-02T01:16:38
================================================================================
[2025-12-02T01:17:28.917+0000] {manager.py:878} INFO - 
================================================================================
DAG File Processing Stats

File Path                     PID    Runtime      # DAGs    # Errors  Last Runtime    Last Run
----------------------------  -----  ---------  --------  ----------  --------------  -------------------
/opt/airflow/dags/airflow.py                           1           0  0.73s           2025-12-02T01:17:09
================================================================================
[2025-12-02T01:17:59.163+0000] {manager.py:878} INFO - 
================================================================================
DAG File Processing Stats

File Path                     PID    Runtime      # DAGs    # Errors  Last Runtime    Last Run
----------------------------  -----  ---------  --------  ----------  --------------  -------------------
/opt/airflow/dags/airflow.py                           1           0  0.70s           2025-12-02T01:17:40
================================================================================
[2025-12-02T01:18:29.467+0000] {manager.py:878} INFO - 
================================================================================
DAG File Processing Stats

File Path                     PID    Runtime      # DAGs    # Errors  Last Runtime    Last Run
----------------------------  -----  ---------  --------  ----------  --------------  -------------------
/opt/airflow/dags/airflow.py                           1           0  0.74s           2025-12-02T01:18:11
================================================================================
[2025-12-02T01:18:56.790+0000] {manager.py:737} INFO - Searching for files in /opt/airflow/dags
[2025-12-02T01:18:56.802+0000] {manager.py:740} INFO - There are 1 files in /opt/airflow/dags
[2025-12-02T01:18:59.845+0000] {manager.py:878} INFO - 
================================================================================
DAG File Processing Stats

File Path                     PID    Runtime      # DAGs    # Errors  Last Runtime    Last Run
----------------------------  -----  ---------  --------  ----------  --------------  -------------------
/opt/airflow/dags/airflow.py                           1           0  0.71s           2025-12-02T01:18:42
================================================================================
[2025-12-02T01:19:30.082+0000] {manager.py:878} INFO - 
================================================================================
DAG File Processing Stats

File Path                     PID    Runtime      # DAGs    # Errors  Last Runtime    Last Run
----------------------------  -----  ---------  --------  ----------  --------------  -------------------
/opt/airflow/dags/airflow.py                           1           0  0.78s           2025-12-02T01:19:13
================================================================================
[2025-12-02T01:19:37.300+0000] {manager.py:452} INFO - Exiting gracefully upon receiving signal 15
[2025-12-02T01:20:26.967+0000] {manager.py:470} INFO - Processing files using up to 2 processes at a time 
[2025-12-02T01:20:26.968+0000] {manager.py:471} INFO - Process each file at most once every 30 seconds
[2025-12-02T01:20:26.968+0000] {manager.py:472} INFO - Checking for new files in /opt/airflow/dags every 300 seconds
[2025-12-02T01:20:26.968+0000] {manager.py:737} INFO - Searching for files in /opt/airflow/dags
[2025-12-02T01:20:26.972+0000] {manager.py:740} INFO - There are 1 files in /opt/airflow/dags
[2025-12-02T01:20:27.070+0000] {manager.py:878} INFO - 
================================================================================
DAG File Processing Stats

File Path                       PID  Runtime      # DAGs    # Errors  Last Runtime    Last Run
----------------------------  -----  ---------  --------  ----------  --------------  ----------
/opt/airflow/dags/airflow.py     76  0.05s             0           0
================================================================================
[2025-12-02T01:20:57.177+0000] {manager.py:878} INFO - 
================================================================================
DAG File Processing Stats

File Path                     PID    Runtime      # DAGs    # Errors  Last Runtime    Last Run
----------------------------  -----  ---------  --------  ----------  --------------  -------------------
/opt/airflow/dags/airflow.py                           1           0  1.93s           2025-12-02T01:20:28
================================================================================
[2025-12-02T01:21:27.527+0000] {manager.py:878} INFO - 
================================================================================
DAG File Processing Stats

File Path                     PID    Runtime      # DAGs    # Errors  Last Runtime    Last Run
----------------------------  -----  ---------  --------  ----------  --------------  -------------------
/opt/airflow/dags/airflow.py                           1           0  3.06s           2025-12-02T01:21:02
================================================================================
[2025-12-02T01:21:57.917+0000] {manager.py:878} INFO - 
================================================================================
DAG File Processing Stats

File Path                     PID    Runtime      # DAGs    # Errors  Last Runtime    Last Run
----------------------------  -----  ---------  --------  ----------  --------------  -------------------
/opt/airflow/dags/airflow.py                           1           0  1.16s           2025-12-02T01:21:33
================================================================================
[2025-12-02T01:22:28.181+0000] {manager.py:878} INFO - 
================================================================================
DAG File Processing Stats

File Path                     PID    Runtime      # DAGs    # Errors  Last Runtime    Last Run
----------------------------  -----  ---------  --------  ----------  --------------  -------------------
/opt/airflow/dags/airflow.py                           1           0  0.66s           2025-12-02T01:22:04
================================================================================
[2025-12-02T01:22:58.412+0000] {manager.py:878} INFO - 
================================================================================
DAG File Processing Stats

File Path                     PID    Runtime      # DAGs    # Errors  Last Runtime    Last Run
----------------------------  -----  ---------  --------  ----------  --------------  -------------------
/opt/airflow/dags/airflow.py                           1           0  0.74s           2025-12-02T01:22:35
================================================================================
[2025-12-02T01:23:28.672+0000] {manager.py:878} INFO - 
================================================================================
DAG File Processing Stats

File Path                     PID    Runtime      # DAGs    # Errors  Last Runtime    Last Run
----------------------------  -----  ---------  --------  ----------  --------------  -------------------
/opt/airflow/dags/airflow.py                           1           0  0.71s           2025-12-02T01:23:06
================================================================================
[2025-12-02T01:23:58.720+0000] {manager.py:878} INFO - 
================================================================================
DAG File Processing Stats

File Path                     PID    Runtime      # DAGs    # Errors  Last Runtime    Last Run
----------------------------  -----  ---------  --------  ----------  --------------  -------------------
/opt/airflow/dags/airflow.py                           1           0  0.76s           2025-12-02T01:23:37
================================================================================
[2025-12-02T01:24:28.733+0000] {manager.py:878} INFO - 
================================================================================
DAG File Processing Stats

File Path                     PID    Runtime      # DAGs    # Errors  Last Runtime    Last Run
----------------------------  -----  ---------  --------  ----------  --------------  -------------------
/opt/airflow/dags/airflow.py                           1           0  0.70s           2025-12-02T01:24:08
================================================================================
[2025-12-02T01:24:58.970+0000] {manager.py:878} INFO - 
================================================================================
DAG File Processing Stats

File Path                     PID    Runtime      # DAGs    # Errors  Last Runtime    Last Run
----------------------------  -----  ---------  --------  ----------  --------------  -------------------
/opt/airflow/dags/airflow.py                           1           0  0.96s           2025-12-02T01:24:39
================================================================================
[2025-12-02T01:25:27.665+0000] {manager.py:737} INFO - Searching for files in /opt/airflow/dags
[2025-12-02T01:25:27.689+0000] {manager.py:740} INFO - There are 1 files in /opt/airflow/dags
[2025-12-02T01:25:29.709+0000] {manager.py:878} INFO - 
================================================================================
DAG File Processing Stats

File Path                     PID    Runtime      # DAGs    # Errors  Last Runtime    Last Run
----------------------------  -----  ---------  --------  ----------  --------------  -------------------
/opt/airflow/dags/airflow.py                           1           0  0.69s           2025-12-02T01:25:10
================================================================================
[2025-12-02T01:25:32.238+0000] {manager.py:452} INFO - Exiting gracefully upon receiving signal 15
[2025-12-02T01:26:24.376+0000] {manager.py:470} INFO - Processing files using up to 2 processes at a time 
[2025-12-02T01:26:24.379+0000] {manager.py:471} INFO - Process each file at most once every 30 seconds
[2025-12-02T01:26:24.381+0000] {manager.py:472} INFO - Checking for new files in /opt/airflow/dags every 300 seconds
[2025-12-02T01:26:24.381+0000] {manager.py:737} INFO - Searching for files in /opt/airflow/dags
[2025-12-02T01:26:24.400+0000] {manager.py:740} INFO - There are 1 files in /opt/airflow/dags
[2025-12-02T01:26:24.486+0000] {manager.py:878} INFO - 
================================================================================
DAG File Processing Stats

File Path                       PID  Runtime      # DAGs    # Errors  Last Runtime    Last Run
----------------------------  -----  ---------  --------  ----------  --------------  ----------
/opt/airflow/dags/airflow.py     80  0.02s             0           0
================================================================================
[2025-12-02T01:26:54.657+0000] {manager.py:878} INFO - 
================================================================================
DAG File Processing Stats

File Path                     PID    Runtime      # DAGs    # Errors  Last Runtime    Last Run
----------------------------  -----  ---------  --------  ----------  --------------  -------------------
/opt/airflow/dags/airflow.py                           1           0  1.76s           2025-12-02T01:26:26
================================================================================
[2025-12-02T01:27:24.828+0000] {manager.py:878} INFO - 
================================================================================
DAG File Processing Stats

File Path                     PID    Runtime      # DAGs    # Errors  Last Runtime    Last Run
----------------------------  -----  ---------  --------  ----------  --------------  -------------------
/opt/airflow/dags/airflow.py                           1           0  0.91s           2025-12-02T01:26:57
================================================================================
[2025-12-02T01:27:55.020+0000] {manager.py:878} INFO - 
================================================================================
DAG File Processing Stats

File Path                     PID    Runtime      # DAGs    # Errors  Last Runtime    Last Run
----------------------------  -----  ---------  --------  ----------  --------------  -------------------
/opt/airflow/dags/airflow.py                           1           0  0.67s           2025-12-02T01:27:28
================================================================================
[2025-12-02T01:28:25.443+0000] {manager.py:878} INFO - 
================================================================================
DAG File Processing Stats

File Path                     PID    Runtime      # DAGs    # Errors  Last Runtime    Last Run
----------------------------  -----  ---------  --------  ----------  --------------  -------------------
/opt/airflow/dags/airflow.py                           1           0  0.65s           2025-12-02T01:27:59
================================================================================
[2025-12-02T01:28:55.816+0000] {manager.py:878} INFO - 
================================================================================
DAG File Processing Stats

File Path                     PID    Runtime      # DAGs    # Errors  Last Runtime    Last Run
----------------------------  -----  ---------  --------  ----------  --------------  -------------------
/opt/airflow/dags/airflow.py                           1           0  1.15s           2025-12-02T01:28:30
================================================================================
[2025-12-02T01:29:25.877+0000] {manager.py:878} INFO - 
================================================================================
DAG File Processing Stats

File Path                     PID    Runtime      # DAGs    # Errors  Last Runtime    Last Run
----------------------------  -----  ---------  --------  ----------  --------------  -------------------
/opt/airflow/dags/airflow.py                           1           0  0.63s           2025-12-02T01:29:01
================================================================================
[2025-12-02T01:29:56.402+0000] {manager.py:878} INFO - 
================================================================================
DAG File Processing Stats

File Path                     PID    Runtime      # DAGs    # Errors  Last Runtime    Last Run
----------------------------  -----  ---------  --------  ----------  --------------  -------------------
/opt/airflow/dags/airflow.py                           1           0  1.34s           2025-12-02T01:29:33
================================================================================
[2025-12-02T01:30:26.712+0000] {manager.py:878} INFO - 
================================================================================
DAG File Processing Stats

File Path                     PID    Runtime      # DAGs    # Errors  Last Runtime    Last Run
----------------------------  -----  ---------  --------  ----------  --------------  -------------------
/opt/airflow/dags/airflow.py                           1           0  0.93s           2025-12-02T01:30:04
================================================================================
[2025-12-02T01:30:56.950+0000] {manager.py:878} INFO - 
================================================================================
DAG File Processing Stats

File Path                     PID    Runtime      # DAGs    # Errors  Last Runtime    Last Run
----------------------------  -----  ---------  --------  ----------  --------------  -------------------
/opt/airflow/dags/airflow.py                           1           0  0.73s           2025-12-02T01:30:35
================================================================================
[2025-12-02T01:31:24.658+0000] {manager.py:737} INFO - Searching for files in /opt/airflow/dags
[2025-12-02T01:31:24.665+0000] {manager.py:740} INFO - There are 1 files in /opt/airflow/dags
[2025-12-02T01:31:27.178+0000] {manager.py:878} INFO - 
================================================================================
DAG File Processing Stats

File Path                     PID    Runtime      # DAGs    # Errors  Last Runtime    Last Run
----------------------------  -----  ---------  --------  ----------  --------------  -------------------
/opt/airflow/dags/airflow.py                           1           0  0.75s           2025-12-02T01:31:06
================================================================================
[2025-12-02T01:31:57.407+0000] {manager.py:878} INFO - 
================================================================================
DAG File Processing Stats

File Path                     PID    Runtime      # DAGs    # Errors  Last Runtime    Last Run
----------------------------  -----  ---------  --------  ----------  --------------  -------------------
/opt/airflow/dags/airflow.py                           1           0  0.72s           2025-12-02T01:31:37
================================================================================
[2025-12-02T01:32:27.839+0000] {manager.py:878} INFO - 
================================================================================
DAG File Processing Stats

File Path                     PID    Runtime      # DAGs    # Errors  Last Runtime    Last Run
----------------------------  -----  ---------  --------  ----------  --------------  -------------------
/opt/airflow/dags/airflow.py                           1           0  0.67s           2025-12-02T01:32:08
================================================================================
[2025-12-02T01:32:58.139+0000] {manager.py:878} INFO - 
================================================================================
DAG File Processing Stats

File Path                     PID    Runtime      # DAGs    # Errors  Last Runtime    Last Run
----------------------------  -----  ---------  --------  ----------  --------------  -------------------
/opt/airflow/dags/airflow.py                           1           0  0.83s           2025-12-02T01:32:39
================================================================================
[2025-12-02T01:33:28.231+0000] {manager.py:878} INFO - 
================================================================================
DAG File Processing Stats

File Path                     PID    Runtime      # DAGs    # Errors  Last Runtime    Last Run
----------------------------  -----  ---------  --------  ----------  --------------  -------------------
/opt/airflow/dags/airflow.py                           1           0  0.79s           2025-12-02T01:33:10
================================================================================
[2025-12-02T01:33:58.951+0000] {manager.py:878} INFO - 
================================================================================
DAG File Processing Stats

File Path                     PID    Runtime      # DAGs    # Errors  Last Runtime    Last Run
----------------------------  -----  ---------  --------  ----------  --------------  -------------------
/opt/airflow/dags/airflow.py                           1           0  0.68s           2025-12-02T01:33:41
================================================================================
[2025-12-02T01:34:29.436+0000] {manager.py:878} INFO - 
================================================================================
DAG File Processing Stats

File Path                     PID    Runtime      # DAGs    # Errors  Last Runtime    Last Run
----------------------------  -----  ---------  --------  ----------  --------------  -------------------
/opt/airflow/dags/airflow.py                           1           0  0.66s           2025-12-02T01:34:11
================================================================================
[2025-12-02T01:34:59.644+0000] {manager.py:878} INFO - 
================================================================================
DAG File Processing Stats

File Path                     PID    Runtime      # DAGs    # Errors  Last Runtime    Last Run
----------------------------  -----  ---------  --------  ----------  --------------  -------------------
/opt/airflow/dags/airflow.py                           1           0  0.80s           2025-12-02T01:34:42
================================================================================
[2025-12-02T01:35:25.606+0000] {manager.py:452} INFO - Exiting gracefully upon receiving signal 15
